2024-02-28 12:23:34.568 [warning] [cmake-tools]: Couldn't find message for key cmake-tools.configuration.cmake.options.advanced.statusBarLength.description.
2024-02-28 12:23:34.568 [warning] [cmake-tools]: Couldn't find message for key cmake-tools.configuration.cmake.options.advanced.statusBarLength.description.
2024-02-28 12:23:34.568 [warning] [cmake-tools]: Couldn't find message for key cmake-tools.configuration.cmake.options.advanced.statusBarLength.description.
2024-02-28 12:23:34.568 [warning] [cmake-tools]: Couldn't find message for key cmake-tools.configuration.cmake.options.advanced.statusBarLength.description.
2024-02-28 12:23:34.568 [warning] [cmake-tools]: Couldn't find message for key cmake-tools.configuration.cmake.options.advanced.statusBarLength.description.
2024-02-28 12:23:34.568 [warning] [cmake-tools]: Couldn't find message for key cmake-tools.configuration.cmake.options.advanced.statusBarLength.description.
2024-02-28 12:23:34.568 [warning] [cmake-tools]: Couldn't find message for key cmake-tools.configuration.cmake.options.advanced.statusBarLength.description.
2024-02-28 12:23:34.569 [warning] [cmake-tools]: Couldn't find message for key cmake-tools.configuration.cmake.options.advanced.statusBarLength.description.
2024-02-28 12:23:34.569 [warning] [cmake-tools]: Couldn't find message for key cmake-tools.configuration.cmake.options.advanced.statusBarLength.description.
2024-02-28 12:23:34.569 [warning] [cmake-tools]: Couldn't find message for key cmake-tools.configuration.cmake.options.advanced.statusBarLength.description.
2024-02-28 12:23:34.569 [warning] [cmake-tools]: Couldn't find message for key cmake-tools.configuration.cmake.options.advanced.statusBarLength.description.
2024-02-28 12:23:34.569 [warning] [cmake-tools]: Couldn't find message for key cmake-tools.configuration.cmake.options.advanced.statusBarLength.description.
2024-02-28 12:23:34.584 [warning] [cmake-tools]: Couldn't find message for key cmake-tools.configuration.cmake.options.advanced.statusBarLength.description.
2024-02-28 12:23:34.584 [warning] [cmake-tools]: Couldn't find message for key cmake-tools.configuration.cmake.options.advanced.statusBarLength.description.
2024-02-28 12:23:34.584 [warning] [cmake-tools]: Couldn't find message for key cmake-tools.configuration.cmake.options.advanced.statusBarLength.description.
2024-02-28 12:23:34.584 [warning] [cmake-tools]: Couldn't find message for key cmake-tools.configuration.cmake.options.advanced.statusBarLength.description.
2024-02-28 12:23:34.584 [warning] [cmake-tools]: Couldn't find message for key cmake-tools.configuration.cmake.options.advanced.statusBarLength.description.
2024-02-28 12:23:34.584 [warning] [cmake-tools]: Couldn't find message for key cmake-tools.configuration.cmake.options.advanced.statusBarLength.description.
2024-02-28 12:23:34.584 [warning] [cmake-tools]: Couldn't find message for key cmake-tools.configuration.cmake.options.advanced.statusBarLength.description.
2024-02-28 12:23:34.584 [warning] [cmake-tools]: Couldn't find message for key cmake-tools.configuration.cmake.options.advanced.statusBarLength.description.
2024-02-28 12:23:34.584 [warning] [cmake-tools]: Couldn't find message for key cmake-tools.configuration.cmake.options.advanced.statusBarLength.description.
2024-02-28 12:23:34.584 [warning] [cmake-tools]: Couldn't find message for key cmake-tools.configuration.cmake.options.advanced.statusBarLength.description.
2024-02-28 12:23:34.585 [warning] [cmake-tools]: Couldn't find message for key cmake-tools.configuration.cmake.options.advanced.statusBarLength.description.
2024-02-28 12:23:34.585 [warning] [cmake-tools]: Couldn't find message for key cmake-tools.configuration.cmake.options.advanced.statusBarLength.description.
2024-02-28 12:23:34.624 [warning] [cmake-tools]: Couldn't find message for key cmake-tools.configuration.cmake.options.advanced.statusBarLength.description.
2024-02-28 12:23:34.624 [warning] [cmake-tools]: Couldn't find message for key cmake-tools.configuration.cmake.options.advanced.statusBarLength.description.
2024-02-28 12:23:34.624 [warning] [cmake-tools]: Couldn't find message for key cmake-tools.configuration.cmake.options.advanced.statusBarLength.description.
2024-02-28 12:23:34.625 [warning] [cmake-tools]: Couldn't find message for key cmake-tools.configuration.cmake.options.advanced.statusBarLength.description.
2024-02-28 12:23:34.625 [warning] [cmake-tools]: Couldn't find message for key cmake-tools.configuration.cmake.options.advanced.statusBarLength.description.
2024-02-28 12:23:34.625 [warning] [cmake-tools]: Couldn't find message for key cmake-tools.configuration.cmake.options.advanced.statusBarLength.description.
2024-02-28 12:23:34.625 [warning] [cmake-tools]: Couldn't find message for key cmake-tools.configuration.cmake.options.advanced.statusBarLength.description.
2024-02-28 12:23:34.625 [warning] [cmake-tools]: Couldn't find message for key cmake-tools.configuration.cmake.options.advanced.statusBarLength.description.
2024-02-28 12:23:34.625 [warning] [cmake-tools]: Couldn't find message for key cmake-tools.configuration.cmake.options.advanced.statusBarLength.description.
2024-02-28 12:23:34.625 [warning] [cmake-tools]: Couldn't find message for key cmake-tools.configuration.cmake.options.advanced.statusBarLength.description.
2024-02-28 12:23:34.625 [warning] [cmake-tools]: Couldn't find message for key cmake-tools.configuration.cmake.options.advanced.statusBarLength.description.
2024-02-28 12:23:34.625 [warning] [cmake-tools]: Couldn't find message for key cmake-tools.configuration.cmake.options.advanced.statusBarLength.description.
2024-02-28 12:23:34.682 [warning] [cmake-tools]: Couldn't find message for key cmake-tools.configuration.cmake.options.advanced.statusBarLength.description.
2024-02-28 12:23:34.683 [warning] [cmake-tools]: Couldn't find message for key cmake-tools.configuration.cmake.options.advanced.statusBarLength.description.
2024-02-28 12:23:34.683 [warning] [cmake-tools]: Couldn't find message for key cmake-tools.configuration.cmake.options.advanced.statusBarLength.description.
2024-02-28 12:23:34.683 [warning] [cmake-tools]: Couldn't find message for key cmake-tools.configuration.cmake.options.advanced.statusBarLength.description.
2024-02-28 12:23:34.683 [warning] [cmake-tools]: Couldn't find message for key cmake-tools.configuration.cmake.options.advanced.statusBarLength.description.
2024-02-28 12:23:34.683 [warning] [cmake-tools]: Couldn't find message for key cmake-tools.configuration.cmake.options.advanced.statusBarLength.description.
2024-02-28 12:23:34.683 [warning] [cmake-tools]: Couldn't find message for key cmake-tools.configuration.cmake.options.advanced.statusBarLength.description.
2024-02-28 12:23:34.683 [warning] [cmake-tools]: Couldn't find message for key cmake-tools.configuration.cmake.options.advanced.statusBarLength.description.
2024-02-28 12:23:34.683 [warning] [cmake-tools]: Couldn't find message for key cmake-tools.configuration.cmake.options.advanced.statusBarLength.description.
2024-02-28 12:23:34.684 [warning] [cmake-tools]: Couldn't find message for key cmake-tools.configuration.cmake.options.advanced.statusBarLength.description.
2024-02-28 12:23:34.684 [warning] [cmake-tools]: Couldn't find message for key cmake-tools.configuration.cmake.options.advanced.statusBarLength.description.
2024-02-28 12:23:34.684 [warning] [cmake-tools]: Couldn't find message for key cmake-tools.configuration.cmake.options.advanced.statusBarLength.description.
2024-02-28 12:23:34.684 [warning] [cmake-tools]: Couldn't find message for key cmake-tools.configuration.cmake.options.advanced.statusBarLength.description.
2024-02-28 12:23:34.684 [warning] [cmake-tools]: Couldn't find message for key cmake-tools.configuration.cmake.options.advanced.statusBarLength.description.
2024-02-28 12:23:34.684 [warning] [cmake-tools]: Couldn't find message for key cmake-tools.configuration.cmake.options.advanced.statusBarLength.description.
2024-02-28 12:23:34.685 [warning] [cmake-tools]: Couldn't find message for key cmake-tools.configuration.cmake.options.advanced.statusBarLength.description.
2024-02-28 12:23:34.685 [warning] [cmake-tools]: Couldn't find message for key cmake-tools.configuration.cmake.options.advanced.statusBarLength.description.
2024-02-28 12:23:34.685 [warning] [cmake-tools]: Couldn't find message for key cmake-tools.configuration.cmake.options.advanced.statusBarLength.description.
2024-02-28 12:23:34.685 [warning] [cmake-tools]: Couldn't find message for key cmake-tools.configuration.cmake.options.advanced.statusBarLength.description.
2024-02-28 12:23:34.685 [warning] [cmake-tools]: Couldn't find message for key cmake-tools.configuration.cmake.options.advanced.statusBarLength.description.
2024-02-28 12:23:34.685 [warning] [cmake-tools]: Couldn't find message for key cmake-tools.configuration.cmake.options.advanced.statusBarLength.description.
2024-02-28 12:23:34.685 [warning] [cmake-tools]: Couldn't find message for key cmake-tools.configuration.cmake.options.advanced.statusBarLength.description.
2024-02-28 12:23:34.685 [warning] [cmake-tools]: Couldn't find message for key cmake-tools.configuration.cmake.options.advanced.statusBarLength.description.
2024-02-28 12:23:34.686 [warning] [cmake-tools]: Couldn't find message for key cmake-tools.configuration.cmake.options.advanced.statusBarLength.description.
2024-02-28 12:23:34.764 [warning] [cmake-tools]: Couldn't find message for key cmake-tools.configuration.cmake.options.advanced.statusBarLength.description.
2024-02-28 12:23:34.764 [warning] [cmake-tools]: Couldn't find message for key cmake-tools.configuration.cmake.options.advanced.statusBarLength.description.
2024-02-28 12:23:34.765 [warning] [cmake-tools]: Couldn't find message for key cmake-tools.configuration.cmake.options.advanced.statusBarLength.description.
2024-02-28 12:23:34.765 [warning] [cmake-tools]: Couldn't find message for key cmake-tools.configuration.cmake.options.advanced.statusBarLength.description.
2024-02-28 12:23:34.765 [warning] [cmake-tools]: Couldn't find message for key cmake-tools.configuration.cmake.options.advanced.statusBarLength.description.
2024-02-28 12:23:34.765 [warning] [cmake-tools]: Couldn't find message for key cmake-tools.configuration.cmake.options.advanced.statusBarLength.description.
2024-02-28 12:23:34.765 [warning] [cmake-tools]: Couldn't find message for key cmake-tools.configuration.cmake.options.advanced.statusBarLength.description.
2024-02-28 12:23:34.765 [warning] [cmake-tools]: Couldn't find message for key cmake-tools.configuration.cmake.options.advanced.statusBarLength.description.
2024-02-28 12:23:34.765 [warning] [cmake-tools]: Couldn't find message for key cmake-tools.configuration.cmake.options.advanced.statusBarLength.description.
2024-02-28 12:23:34.765 [warning] [cmake-tools]: Couldn't find message for key cmake-tools.configuration.cmake.options.advanced.statusBarLength.description.
2024-02-28 12:23:34.766 [warning] [cmake-tools]: Couldn't find message for key cmake-tools.configuration.cmake.options.advanced.statusBarLength.description.
2024-02-28 12:23:34.766 [warning] [cmake-tools]: Couldn't find message for key cmake-tools.configuration.cmake.options.advanced.statusBarLength.description.
2024-02-28 12:23:34.795 [warning] [cmake-tools]: Couldn't find message for key cmake-tools.configuration.cmake.options.advanced.statusBarLength.description.
2024-02-28 12:23:34.796 [warning] [cmake-tools]: Couldn't find message for key cmake-tools.configuration.cmake.options.advanced.statusBarLength.description.
2024-02-28 12:23:34.796 [warning] [cmake-tools]: Couldn't find message for key cmake-tools.configuration.cmake.options.advanced.statusBarLength.description.
2024-02-28 12:23:34.796 [warning] [cmake-tools]: Couldn't find message for key cmake-tools.configuration.cmake.options.advanced.statusBarLength.description.
2024-02-28 12:23:34.796 [warning] [cmake-tools]: Couldn't find message for key cmake-tools.configuration.cmake.options.advanced.statusBarLength.description.
2024-02-28 12:23:34.796 [warning] [cmake-tools]: Couldn't find message for key cmake-tools.configuration.cmake.options.advanced.statusBarLength.description.
2024-02-28 12:23:34.796 [warning] [cmake-tools]: Couldn't find message for key cmake-tools.configuration.cmake.options.advanced.statusBarLength.description.
2024-02-28 12:23:34.796 [warning] [cmake-tools]: Couldn't find message for key cmake-tools.configuration.cmake.options.advanced.statusBarLength.description.
2024-02-28 12:23:34.796 [warning] [cmake-tools]: Couldn't find message for key cmake-tools.configuration.cmake.options.advanced.statusBarLength.description.
2024-02-28 12:23:34.796 [warning] [cmake-tools]: Couldn't find message for key cmake-tools.configuration.cmake.options.advanced.statusBarLength.description.
2024-02-28 12:23:34.797 [warning] [cmake-tools]: Couldn't find message for key cmake-tools.configuration.cmake.options.advanced.statusBarLength.description.
2024-02-28 12:23:34.797 [warning] [cmake-tools]: Couldn't find message for key cmake-tools.configuration.cmake.options.advanced.statusBarLength.description.
2024-02-28 12:23:34.913 [warning] [cmake-tools]: Couldn't find message for key cmake-tools.configuration.cmake.options.advanced.statusBarLength.description.
2024-02-28 12:23:34.913 [warning] [cmake-tools]: Couldn't find message for key cmake-tools.configuration.cmake.options.advanced.statusBarLength.description.
2024-02-28 12:23:34.913 [warning] [cmake-tools]: Couldn't find message for key cmake-tools.configuration.cmake.options.advanced.statusBarLength.description.
2024-02-28 12:23:34.913 [warning] [cmake-tools]: Couldn't find message for key cmake-tools.configuration.cmake.options.advanced.statusBarLength.description.
2024-02-28 12:23:34.914 [warning] [cmake-tools]: Couldn't find message for key cmake-tools.configuration.cmake.options.advanced.statusBarLength.description.
2024-02-28 12:23:34.914 [warning] [cmake-tools]: Couldn't find message for key cmake-tools.configuration.cmake.options.advanced.statusBarLength.description.
2024-02-28 12:23:34.914 [warning] [cmake-tools]: Couldn't find message for key cmake-tools.configuration.cmake.options.advanced.statusBarLength.description.
2024-02-28 12:23:34.914 [warning] [cmake-tools]: Couldn't find message for key cmake-tools.configuration.cmake.options.advanced.statusBarLength.description.
2024-02-28 12:23:34.914 [warning] [cmake-tools]: Couldn't find message for key cmake-tools.configuration.cmake.options.advanced.statusBarLength.description.
2024-02-28 12:23:34.914 [warning] [cmake-tools]: Couldn't find message for key cmake-tools.configuration.cmake.options.advanced.statusBarLength.description.
2024-02-28 12:23:34.914 [warning] [cmake-tools]: Couldn't find message for key cmake-tools.configuration.cmake.options.advanced.statusBarLength.description.
2024-02-28 12:23:34.914 [warning] [cmake-tools]: Couldn't find message for key cmake-tools.configuration.cmake.options.advanced.statusBarLength.description.
2024-02-28 12:23:34.919 [error] [uncaught exception in sharedProcess]: Event not found: onDidChange: CodeExpectedError: Event not found: onDidChange
    at Object.listen (/usr/bin/resources/app/out/vs/code/node/sharedProcess/sharedProcessMain.js:45:4959)
    at E.t (/usr/bin/resources/app/out/vs/code/node/sharedProcess/sharedProcessMain.js:44:251)
    at E.q (/usr/bin/resources/app/out/vs/code/node/sharedProcess/sharedProcessMain.js:43:4371)
    at w.value (/usr/bin/resources/app/out/vs/code/node/sharedProcess/sharedProcessMain.js:43:3602)
    at d.y (/usr/bin/resources/app/out/vs/code/node/sharedProcess/sharedProcessMain.js:38:1902)
    at d.z (/usr/bin/resources/app/out/vs/code/node/sharedProcess/sharedProcessMain.js:38:1972)
    at d.fire (/usr/bin/resources/app/out/vs/code/node/sharedProcess/sharedProcessMain.js:38:2188)
    at MessagePortMain.de (/usr/bin/resources/app/out/vs/code/node/sharedProcess/sharedProcessMain.js:36:30422)
    at MessagePortMain.emit (node:events:514:28)
    at Object.emit (node:electron/js2c/utility_init:2:2285)
2024-02-28 12:23:35.002 [warning] [cmake-tools]: Couldn't find message for key cmake-tools.configuration.cmake.options.advanced.statusBarLength.description.
2024-02-28 12:23:35.002 [warning] [cmake-tools]: Couldn't find message for key cmake-tools.configuration.cmake.options.advanced.statusBarLength.description.
2024-02-28 12:23:35.003 [warning] [cmake-tools]: Couldn't find message for key cmake-tools.configuration.cmake.options.advanced.statusBarLength.description.
2024-02-28 12:23:35.003 [warning] [cmake-tools]: Couldn't find message for key cmake-tools.configuration.cmake.options.advanced.statusBarLength.description.
2024-02-28 12:23:35.003 [warning] [cmake-tools]: Couldn't find message for key cmake-tools.configuration.cmake.options.advanced.statusBarLength.description.
2024-02-28 12:23:35.003 [warning] [cmake-tools]: Couldn't find message for key cmake-tools.configuration.cmake.options.advanced.statusBarLength.description.
2024-02-28 12:23:35.003 [warning] [cmake-tools]: Couldn't find message for key cmake-tools.configuration.cmake.options.advanced.statusBarLength.description.
2024-02-28 12:23:35.005 [warning] [cmake-tools]: Couldn't find message for key cmake-tools.configuration.cmake.options.advanced.statusBarLength.description.
2024-02-28 12:23:35.006 [warning] [cmake-tools]: Couldn't find message for key cmake-tools.configuration.cmake.options.advanced.statusBarLength.description.
2024-02-28 12:23:35.006 [warning] [cmake-tools]: Couldn't find message for key cmake-tools.configuration.cmake.options.advanced.statusBarLength.description.
2024-02-28 12:23:35.006 [warning] [cmake-tools]: Couldn't find message for key cmake-tools.configuration.cmake.options.advanced.statusBarLength.description.
2024-02-28 12:23:35.006 [warning] [cmake-tools]: Couldn't find message for key cmake-tools.configuration.cmake.options.advanced.statusBarLength.description.
2024-02-28 12:23:35.007 [warning] [cmake-tools]: Couldn't find message for key cmake-tools.configuration.cmake.options.advanced.statusBarLength.description.
2024-02-28 12:23:35.007 [warning] [cmake-tools]: Couldn't find message for key cmake-tools.configuration.cmake.options.advanced.statusBarLength.description.
2024-02-28 12:23:35.007 [warning] [cmake-tools]: Couldn't find message for key cmake-tools.configuration.cmake.options.advanced.statusBarLength.description.
2024-02-28 12:23:35.007 [warning] [cmake-tools]: Couldn't find message for key cmake-tools.configuration.cmake.options.advanced.statusBarLength.description.
2024-02-28 12:23:35.007 [warning] [cmake-tools]: Couldn't find message for key cmake-tools.configuration.cmake.options.advanced.statusBarLength.description.
2024-02-28 12:23:35.007 [warning] [cmake-tools]: Couldn't find message for key cmake-tools.configuration.cmake.options.advanced.statusBarLength.description.
2024-02-28 12:23:35.008 [warning] [cmake-tools]: Couldn't find message for key cmake-tools.configuration.cmake.options.advanced.statusBarLength.description.
2024-02-28 12:23:35.008 [warning] [cmake-tools]: Couldn't find message for key cmake-tools.configuration.cmake.options.advanced.statusBarLength.description.
2024-02-28 12:23:35.008 [warning] [cmake-tools]: Couldn't find message for key cmake-tools.configuration.cmake.options.advanced.statusBarLength.description.
2024-02-28 12:23:35.008 [warning] [cmake-tools]: Couldn't find message for key cmake-tools.configuration.cmake.options.advanced.statusBarLength.description.
2024-02-28 12:23:35.008 [warning] [cmake-tools]: Couldn't find message for key cmake-tools.configuration.cmake.options.advanced.statusBarLength.description.
2024-02-28 12:23:35.008 [warning] [cmake-tools]: Couldn't find message for key cmake-tools.configuration.cmake.options.advanced.statusBarLength.description.
2024-02-28 12:23:35.081 [warning] [cmake-tools]: Couldn't find message for key cmake-tools.configuration.cmake.options.advanced.statusBarLength.description.
2024-02-28 12:23:35.082 [warning] [cmake-tools]: Couldn't find message for key cmake-tools.configuration.cmake.options.advanced.statusBarLength.description.
2024-02-28 12:23:35.082 [warning] [cmake-tools]: Couldn't find message for key cmake-tools.configuration.cmake.options.advanced.statusBarLength.description.
2024-02-28 12:23:35.082 [warning] [cmake-tools]: Couldn't find message for key cmake-tools.configuration.cmake.options.advanced.statusBarLength.description.
2024-02-28 12:23:35.082 [warning] [cmake-tools]: Couldn't find message for key cmake-tools.configuration.cmake.options.advanced.statusBarLength.description.
2024-02-28 12:23:35.082 [warning] [cmake-tools]: Couldn't find message for key cmake-tools.configuration.cmake.options.advanced.statusBarLength.description.
2024-02-28 12:23:35.082 [warning] [cmake-tools]: Couldn't find message for key cmake-tools.configuration.cmake.options.advanced.statusBarLength.description.
2024-02-28 12:23:35.082 [warning] [cmake-tools]: Couldn't find message for key cmake-tools.configuration.cmake.options.advanced.statusBarLength.description.
2024-02-28 12:23:35.082 [warning] [cmake-tools]: Couldn't find message for key cmake-tools.configuration.cmake.options.advanced.statusBarLength.description.
2024-02-28 12:23:35.083 [warning] [cmake-tools]: Couldn't find message for key cmake-tools.configuration.cmake.options.advanced.statusBarLength.description.
2024-02-28 12:23:35.083 [warning] [cmake-tools]: Couldn't find message for key cmake-tools.configuration.cmake.options.advanced.statusBarLength.description.
2024-02-28 12:23:35.083 [warning] [cmake-tools]: Couldn't find message for key cmake-tools.configuration.cmake.options.advanced.statusBarLength.description.
2024-02-28 12:23:35.155 [warning] [cmake-tools]: Couldn't find message for key cmake-tools.configuration.cmake.options.advanced.statusBarLength.description.
2024-02-28 12:23:35.155 [warning] [cmake-tools]: Couldn't find message for key cmake-tools.configuration.cmake.options.advanced.statusBarLength.description.
2024-02-28 12:23:35.155 [warning] [cmake-tools]: Couldn't find message for key cmake-tools.configuration.cmake.options.advanced.statusBarLength.description.
2024-02-28 12:23:35.155 [warning] [cmake-tools]: Couldn't find message for key cmake-tools.configuration.cmake.options.advanced.statusBarLength.description.
2024-02-28 12:23:35.155 [warning] [cmake-tools]: Couldn't find message for key cmake-tools.configuration.cmake.options.advanced.statusBarLength.description.
2024-02-28 12:23:35.155 [warning] [cmake-tools]: Couldn't find message for key cmake-tools.configuration.cmake.options.advanced.statusBarLength.description.
2024-02-28 12:23:35.156 [warning] [cmake-tools]: Couldn't find message for key cmake-tools.configuration.cmake.options.advanced.statusBarLength.description.
2024-02-28 12:23:35.156 [warning] [cmake-tools]: Couldn't find message for key cmake-tools.configuration.cmake.options.advanced.statusBarLength.description.
2024-02-28 12:23:35.156 [warning] [cmake-tools]: Couldn't find message for key cmake-tools.configuration.cmake.options.advanced.statusBarLength.description.
2024-02-28 12:23:35.156 [warning] [cmake-tools]: Couldn't find message for key cmake-tools.configuration.cmake.options.advanced.statusBarLength.description.
2024-02-28 12:23:35.156 [warning] [cmake-tools]: Couldn't find message for key cmake-tools.configuration.cmake.options.advanced.statusBarLength.description.
2024-02-28 12:23:35.156 [warning] [cmake-tools]: Couldn't find message for key cmake-tools.configuration.cmake.options.advanced.statusBarLength.description.
2024-02-28 12:23:35.251 [warning] [cmake-tools]: Couldn't find message for key cmake-tools.configuration.cmake.options.advanced.statusBarLength.description.
2024-02-28 12:23:35.251 [warning] [cmake-tools]: Couldn't find message for key cmake-tools.configuration.cmake.options.advanced.statusBarLength.description.
2024-02-28 12:23:35.251 [warning] [cmake-tools]: Couldn't find message for key cmake-tools.configuration.cmake.options.advanced.statusBarLength.description.
2024-02-28 12:23:35.251 [warning] [cmake-tools]: Couldn't find message for key cmake-tools.configuration.cmake.options.advanced.statusBarLength.description.
2024-02-28 12:23:35.252 [warning] [cmake-tools]: Couldn't find message for key cmake-tools.configuration.cmake.options.advanced.statusBarLength.description.
2024-02-28 12:23:35.252 [warning] [cmake-tools]: Couldn't find message for key cmake-tools.configuration.cmake.options.advanced.statusBarLength.description.
2024-02-28 12:23:35.252 [warning] [cmake-tools]: Couldn't find message for key cmake-tools.configuration.cmake.options.advanced.statusBarLength.description.
2024-02-28 12:23:35.252 [warning] [cmake-tools]: Couldn't find message for key cmake-tools.configuration.cmake.options.advanced.statusBarLength.description.
2024-02-28 12:23:35.252 [warning] [cmake-tools]: Couldn't find message for key cmake-tools.configuration.cmake.options.advanced.statusBarLength.description.
2024-02-28 12:23:35.252 [warning] [cmake-tools]: Couldn't find message for key cmake-tools.configuration.cmake.options.advanced.statusBarLength.description.
2024-02-28 12:23:35.252 [warning] [cmake-tools]: Couldn't find message for key cmake-tools.configuration.cmake.options.advanced.statusBarLength.description.
2024-02-28 12:23:35.252 [warning] [cmake-tools]: Couldn't find message for key cmake-tools.configuration.cmake.options.advanced.statusBarLength.description.
2024-02-28 12:23:35.318 [warning] [cmake-tools]: Couldn't find message for key cmake-tools.configuration.cmake.options.advanced.statusBarLength.description.
2024-02-28 12:23:35.318 [warning] [cmake-tools]: Couldn't find message for key cmake-tools.configuration.cmake.options.advanced.statusBarLength.description.
2024-02-28 12:23:35.318 [warning] [cmake-tools]: Couldn't find message for key cmake-tools.configuration.cmake.options.advanced.statusBarLength.description.
2024-02-28 12:23:35.318 [warning] [cmake-tools]: Couldn't find message for key cmake-tools.configuration.cmake.options.advanced.statusBarLength.description.
2024-02-28 12:23:35.318 [warning] [cmake-tools]: Couldn't find message for key cmake-tools.configuration.cmake.options.advanced.statusBarLength.description.
2024-02-28 12:23:35.318 [warning] [cmake-tools]: Couldn't find message for key cmake-tools.configuration.cmake.options.advanced.statusBarLength.description.
2024-02-28 12:23:35.319 [warning] [cmake-tools]: Couldn't find message for key cmake-tools.configuration.cmake.options.advanced.statusBarLength.description.
2024-02-28 12:23:35.319 [warning] [cmake-tools]: Couldn't find message for key cmake-tools.configuration.cmake.options.advanced.statusBarLength.description.
2024-02-28 12:23:35.319 [warning] [cmake-tools]: Couldn't find message for key cmake-tools.configuration.cmake.options.advanced.statusBarLength.description.
2024-02-28 12:23:35.319 [warning] [cmake-tools]: Couldn't find message for key cmake-tools.configuration.cmake.options.advanced.statusBarLength.description.
2024-02-28 12:23:35.319 [warning] [cmake-tools]: Couldn't find message for key cmake-tools.configuration.cmake.options.advanced.statusBarLength.description.
2024-02-28 12:23:35.319 [warning] [cmake-tools]: Couldn't find message for key cmake-tools.configuration.cmake.options.advanced.statusBarLength.description.
2024-02-28 12:23:36.694 [warning] [cmake-tools]: Couldn't find message for key cmake-tools.configuration.cmake.options.advanced.statusBarLength.description.
2024-02-28 12:23:36.694 [warning] [cmake-tools]: Couldn't find message for key cmake-tools.configuration.cmake.options.advanced.statusBarLength.description.
2024-02-28 12:23:36.694 [warning] [cmake-tools]: Couldn't find message for key cmake-tools.configuration.cmake.options.advanced.statusBarLength.description.
2024-02-28 12:23:36.694 [warning] [cmake-tools]: Couldn't find message for key cmake-tools.configuration.cmake.options.advanced.statusBarLength.description.
2024-02-28 12:23:36.694 [warning] [cmake-tools]: Couldn't find message for key cmake-tools.configuration.cmake.options.advanced.statusBarLength.description.
2024-02-28 12:23:36.695 [warning] [cmake-tools]: Couldn't find message for key cmake-tools.configuration.cmake.options.advanced.statusBarLength.description.
2024-02-28 12:23:36.695 [warning] [cmake-tools]: Couldn't find message for key cmake-tools.configuration.cmake.options.advanced.statusBarLength.description.
2024-02-28 12:23:36.695 [warning] [cmake-tools]: Couldn't find message for key cmake-tools.configuration.cmake.options.advanced.statusBarLength.description.
2024-02-28 12:23:36.695 [warning] [cmake-tools]: Couldn't find message for key cmake-tools.configuration.cmake.options.advanced.statusBarLength.description.
2024-02-28 12:23:36.695 [warning] [cmake-tools]: Couldn't find message for key cmake-tools.configuration.cmake.options.advanced.statusBarLength.description.
2024-02-28 12:23:36.695 [warning] [cmake-tools]: Couldn't find message for key cmake-tools.configuration.cmake.options.advanced.statusBarLength.description.
2024-02-28 12:23:36.695 [warning] [cmake-tools]: Couldn't find message for key cmake-tools.configuration.cmake.options.advanced.statusBarLength.description.
2024-02-28 12:23:36.750 [warning] [cmake-tools]: Couldn't find message for key cmake-tools.configuration.cmake.options.advanced.statusBarLength.description.
2024-02-28 12:23:36.750 [warning] [cmake-tools]: Couldn't find message for key cmake-tools.configuration.cmake.options.advanced.statusBarLength.description.
2024-02-28 12:23:36.750 [warning] [cmake-tools]: Couldn't find message for key cmake-tools.configuration.cmake.options.advanced.statusBarLength.description.
2024-02-28 12:23:36.750 [warning] [cmake-tools]: Couldn't find message for key cmake-tools.configuration.cmake.options.advanced.statusBarLength.description.
2024-02-28 12:23:36.750 [warning] [cmake-tools]: Couldn't find message for key cmake-tools.configuration.cmake.options.advanced.statusBarLength.description.
2024-02-28 12:23:36.750 [warning] [cmake-tools]: Couldn't find message for key cmake-tools.configuration.cmake.options.advanced.statusBarLength.description.
2024-02-28 12:23:36.751 [warning] [cmake-tools]: Couldn't find message for key cmake-tools.configuration.cmake.options.advanced.statusBarLength.description.
2024-02-28 12:23:36.751 [warning] [cmake-tools]: Couldn't find message for key cmake-tools.configuration.cmake.options.advanced.statusBarLength.description.
2024-02-28 12:23:36.751 [warning] [cmake-tools]: Couldn't find message for key cmake-tools.configuration.cmake.options.advanced.statusBarLength.description.
2024-02-28 12:23:36.751 [warning] [cmake-tools]: Couldn't find message for key cmake-tools.configuration.cmake.options.advanced.statusBarLength.description.
2024-02-28 12:23:36.751 [warning] [cmake-tools]: Couldn't find message for key cmake-tools.configuration.cmake.options.advanced.statusBarLength.description.
2024-02-28 12:23:36.751 [warning] [cmake-tools]: Couldn't find message for key cmake-tools.configuration.cmake.options.advanced.statusBarLength.description.
2024-02-28 12:23:36.759 [warning] [cmake-tools]: Couldn't find message for key cmake-tools.configuration.cmake.options.advanced.statusBarLength.description.
2024-02-28 12:23:36.759 [warning] [cmake-tools]: Couldn't find message for key cmake-tools.configuration.cmake.options.advanced.statusBarLength.description.
2024-02-28 12:23:36.759 [warning] [cmake-tools]: Couldn't find message for key cmake-tools.configuration.cmake.options.advanced.statusBarLength.description.
2024-02-28 12:23:36.759 [warning] [cmake-tools]: Couldn't find message for key cmake-tools.configuration.cmake.options.advanced.statusBarLength.description.
2024-02-28 12:23:36.759 [warning] [cmake-tools]: Couldn't find message for key cmake-tools.configuration.cmake.options.advanced.statusBarLength.description.
2024-02-28 12:23:36.759 [warning] [cmake-tools]: Couldn't find message for key cmake-tools.configuration.cmake.options.advanced.statusBarLength.description.
2024-02-28 12:23:36.759 [warning] [cmake-tools]: Couldn't find message for key cmake-tools.configuration.cmake.options.advanced.statusBarLength.description.
2024-02-28 12:23:36.759 [warning] [cmake-tools]: Couldn't find message for key cmake-tools.configuration.cmake.options.advanced.statusBarLength.description.
2024-02-28 12:23:36.759 [warning] [cmake-tools]: Couldn't find message for key cmake-tools.configuration.cmake.options.advanced.statusBarLength.description.
2024-02-28 12:23:36.760 [warning] [cmake-tools]: Couldn't find message for key cmake-tools.configuration.cmake.options.advanced.statusBarLength.description.
2024-02-28 12:23:36.760 [warning] [cmake-tools]: Couldn't find message for key cmake-tools.configuration.cmake.options.advanced.statusBarLength.description.
2024-02-28 12:23:36.760 [warning] [cmake-tools]: Couldn't find message for key cmake-tools.configuration.cmake.options.advanced.statusBarLength.description.
2024-02-28 12:23:37.424 [warning] [cmake-tools]: Couldn't find message for key cmake-tools.configuration.cmake.options.advanced.statusBarLength.description.
2024-02-28 12:23:37.424 [warning] [cmake-tools]: Couldn't find message for key cmake-tools.configuration.cmake.options.advanced.statusBarLength.description.
2024-02-28 12:23:37.424 [warning] [cmake-tools]: Couldn't find message for key cmake-tools.configuration.cmake.options.advanced.statusBarLength.description.
2024-02-28 12:23:37.424 [warning] [cmake-tools]: Couldn't find message for key cmake-tools.configuration.cmake.options.advanced.statusBarLength.description.
2024-02-28 12:23:37.424 [warning] [cmake-tools]: Couldn't find message for key cmake-tools.configuration.cmake.options.advanced.statusBarLength.description.
2024-02-28 12:23:37.424 [warning] [cmake-tools]: Couldn't find message for key cmake-tools.configuration.cmake.options.advanced.statusBarLength.description.
2024-02-28 12:23:37.424 [warning] [cmake-tools]: Couldn't find message for key cmake-tools.configuration.cmake.options.advanced.statusBarLength.description.
2024-02-28 12:23:37.424 [warning] [cmake-tools]: Couldn't find message for key cmake-tools.configuration.cmake.options.advanced.statusBarLength.description.
2024-02-28 12:23:37.425 [warning] [cmake-tools]: Couldn't find message for key cmake-tools.configuration.cmake.options.advanced.statusBarLength.description.
2024-02-28 12:23:37.425 [warning] [cmake-tools]: Couldn't find message for key cmake-tools.configuration.cmake.options.advanced.statusBarLength.description.
2024-02-28 12:23:37.425 [warning] [cmake-tools]: Couldn't find message for key cmake-tools.configuration.cmake.options.advanced.statusBarLength.description.
2024-02-28 12:23:37.425 [warning] [cmake-tools]: Couldn't find message for key cmake-tools.configuration.cmake.options.advanced.statusBarLength.description.
2024-02-28 12:23:38.167 [info] Getting Manifest... ms-vscode.cmake-tools
2024-02-28 12:23:38.168 [info] Getting Manifest... ms-vscode.cpptools
2024-02-28 12:23:38.179 [info] Installing extension: ms-vscode.cpptools
2024-02-28 12:23:38.206 [warning] [cmake-tools]: Couldn't find message for key cmake-tools.configuration.cmake.options.advanced.statusBarLength.description.
2024-02-28 12:23:38.206 [warning] [cmake-tools]: Couldn't find message for key cmake-tools.configuration.cmake.options.advanced.statusBarLength.description.
2024-02-28 12:23:38.206 [warning] [cmake-tools]: Couldn't find message for key cmake-tools.configuration.cmake.options.advanced.statusBarLength.description.
2024-02-28 12:23:38.207 [warning] [cmake-tools]: Couldn't find message for key cmake-tools.configuration.cmake.options.advanced.statusBarLength.description.
2024-02-28 12:23:38.207 [warning] [cmake-tools]: Couldn't find message for key cmake-tools.configuration.cmake.options.advanced.statusBarLength.description.
2024-02-28 12:23:38.207 [warning] [cmake-tools]: Couldn't find message for key cmake-tools.configuration.cmake.options.advanced.statusBarLength.description.
2024-02-28 12:23:38.207 [warning] [cmake-tools]: Couldn't find message for key cmake-tools.configuration.cmake.options.advanced.statusBarLength.description.
2024-02-28 12:23:38.207 [warning] [cmake-tools]: Couldn't find message for key cmake-tools.configuration.cmake.options.advanced.statusBarLength.description.
2024-02-28 12:23:38.207 [warning] [cmake-tools]: Couldn't find message for key cmake-tools.configuration.cmake.options.advanced.statusBarLength.description.
2024-02-28 12:23:38.207 [warning] [cmake-tools]: Couldn't find message for key cmake-tools.configuration.cmake.options.advanced.statusBarLength.description.
2024-02-28 12:23:38.207 [warning] [cmake-tools]: Couldn't find message for key cmake-tools.configuration.cmake.options.advanced.statusBarLength.description.
2024-02-28 12:23:38.207 [warning] [cmake-tools]: Couldn't find message for key cmake-tools.configuration.cmake.options.advanced.statusBarLength.description.
2024-02-28 12:23:38.242 [warning] [cmake-tools]: Couldn't find message for key cmake-tools.configuration.cmake.options.advanced.statusBarLength.description.
2024-02-28 12:23:38.242 [warning] [cmake-tools]: Couldn't find message for key cmake-tools.configuration.cmake.options.advanced.statusBarLength.description.
2024-02-28 12:23:38.242 [warning] [cmake-tools]: Couldn't find message for key cmake-tools.configuration.cmake.options.advanced.statusBarLength.description.
2024-02-28 12:23:38.242 [warning] [cmake-tools]: Couldn't find message for key cmake-tools.configuration.cmake.options.advanced.statusBarLength.description.
2024-02-28 12:23:38.243 [warning] [cmake-tools]: Couldn't find message for key cmake-tools.configuration.cmake.options.advanced.statusBarLength.description.
2024-02-28 12:23:38.243 [warning] [cmake-tools]: Couldn't find message for key cmake-tools.configuration.cmake.options.advanced.statusBarLength.description.
2024-02-28 12:23:38.243 [warning] [cmake-tools]: Couldn't find message for key cmake-tools.configuration.cmake.options.advanced.statusBarLength.description.
2024-02-28 12:23:38.243 [warning] [cmake-tools]: Couldn't find message for key cmake-tools.configuration.cmake.options.advanced.statusBarLength.description.
2024-02-28 12:23:38.243 [warning] [cmake-tools]: Couldn't find message for key cmake-tools.configuration.cmake.options.advanced.statusBarLength.description.
2024-02-28 12:23:38.243 [warning] [cmake-tools]: Couldn't find message for key cmake-tools.configuration.cmake.options.advanced.statusBarLength.description.
2024-02-28 12:23:38.243 [warning] [cmake-tools]: Couldn't find message for key cmake-tools.configuration.cmake.options.advanced.statusBarLength.description.
2024-02-28 12:23:38.243 [warning] [cmake-tools]: Couldn't find message for key cmake-tools.configuration.cmake.options.advanced.statusBarLength.description.
2024-02-28 12:23:38.277 [warning] [cmake-tools]: Couldn't find message for key cmake-tools.configuration.cmake.options.advanced.statusBarLength.description.
2024-02-28 12:23:38.278 [warning] [cmake-tools]: Couldn't find message for key cmake-tools.configuration.cmake.options.advanced.statusBarLength.description.
2024-02-28 12:23:38.278 [warning] [cmake-tools]: Couldn't find message for key cmake-tools.configuration.cmake.options.advanced.statusBarLength.description.
2024-02-28 12:23:38.278 [warning] [cmake-tools]: Couldn't find message for key cmake-tools.configuration.cmake.options.advanced.statusBarLength.description.
2024-02-28 12:23:38.278 [warning] [cmake-tools]: Couldn't find message for key cmake-tools.configuration.cmake.options.advanced.statusBarLength.description.
2024-02-28 12:23:38.278 [warning] [cmake-tools]: Couldn't find message for key cmake-tools.configuration.cmake.options.advanced.statusBarLength.description.
2024-02-28 12:23:38.278 [warning] [cmake-tools]: Couldn't find message for key cmake-tools.configuration.cmake.options.advanced.statusBarLength.description.
2024-02-28 12:23:38.278 [warning] [cmake-tools]: Couldn't find message for key cmake-tools.configuration.cmake.options.advanced.statusBarLength.description.
2024-02-28 12:23:38.278 [warning] [cmake-tools]: Couldn't find message for key cmake-tools.configuration.cmake.options.advanced.statusBarLength.description.
2024-02-28 12:23:38.278 [warning] [cmake-tools]: Couldn't find message for key cmake-tools.configuration.cmake.options.advanced.statusBarLength.description.
2024-02-28 12:23:38.278 [warning] [cmake-tools]: Couldn't find message for key cmake-tools.configuration.cmake.options.advanced.statusBarLength.description.
2024-02-28 12:23:38.279 [warning] [cmake-tools]: Couldn't find message for key cmake-tools.configuration.cmake.options.advanced.statusBarLength.description.
2024-02-28 12:23:38.339 [info] Installing extension: ms-vscode.cmake-tools
2024-02-28 12:23:38.363 [warning] [cmake-tools]: Couldn't find message for key cmake-tools.configuration.cmake.options.advanced.statusBarLength.description.
2024-02-28 12:23:38.364 [warning] [cmake-tools]: Couldn't find message for key cmake-tools.configuration.cmake.options.advanced.statusBarLength.description.
2024-02-28 12:23:38.364 [warning] [cmake-tools]: Couldn't find message for key cmake-tools.configuration.cmake.options.advanced.statusBarLength.description.
2024-02-28 12:23:38.364 [warning] [cmake-tools]: Couldn't find message for key cmake-tools.configuration.cmake.options.advanced.statusBarLength.description.
2024-02-28 12:23:38.364 [warning] [cmake-tools]: Couldn't find message for key cmake-tools.configuration.cmake.options.advanced.statusBarLength.description.
2024-02-28 12:23:38.364 [warning] [cmake-tools]: Couldn't find message for key cmake-tools.configuration.cmake.options.advanced.statusBarLength.description.
2024-02-28 12:23:38.364 [warning] [cmake-tools]: Couldn't find message for key cmake-tools.configuration.cmake.options.advanced.statusBarLength.description.
2024-02-28 12:23:38.364 [warning] [cmake-tools]: Couldn't find message for key cmake-tools.configuration.cmake.options.advanced.statusBarLength.description.
2024-02-28 12:23:38.364 [warning] [cmake-tools]: Couldn't find message for key cmake-tools.configuration.cmake.options.advanced.statusBarLength.description.
2024-02-28 12:23:38.364 [warning] [cmake-tools]: Couldn't find message for key cmake-tools.configuration.cmake.options.advanced.statusBarLength.description.
2024-02-28 12:23:38.364 [warning] [cmake-tools]: Couldn't find message for key cmake-tools.configuration.cmake.options.advanced.statusBarLength.description.
2024-02-28 12:23:38.365 [warning] [cmake-tools]: Couldn't find message for key cmake-tools.configuration.cmake.options.advanced.statusBarLength.description.
2024-02-28 12:23:38.398 [warning] [cmake-tools]: Couldn't find message for key cmake-tools.configuration.cmake.options.advanced.statusBarLength.description.
2024-02-28 12:23:38.398 [warning] [cmake-tools]: Couldn't find message for key cmake-tools.configuration.cmake.options.advanced.statusBarLength.description.
2024-02-28 12:23:38.398 [warning] [cmake-tools]: Couldn't find message for key cmake-tools.configuration.cmake.options.advanced.statusBarLength.description.
2024-02-28 12:23:38.398 [warning] [cmake-tools]: Couldn't find message for key cmake-tools.configuration.cmake.options.advanced.statusBarLength.description.
2024-02-28 12:23:38.398 [warning] [cmake-tools]: Couldn't find message for key cmake-tools.configuration.cmake.options.advanced.statusBarLength.description.
2024-02-28 12:23:38.398 [warning] [cmake-tools]: Couldn't find message for key cmake-tools.configuration.cmake.options.advanced.statusBarLength.description.
2024-02-28 12:23:38.398 [warning] [cmake-tools]: Couldn't find message for key cmake-tools.configuration.cmake.options.advanced.statusBarLength.description.
2024-02-28 12:23:38.398 [warning] [cmake-tools]: Couldn't find message for key cmake-tools.configuration.cmake.options.advanced.statusBarLength.description.
2024-02-28 12:23:38.399 [warning] [cmake-tools]: Couldn't find message for key cmake-tools.configuration.cmake.options.advanced.statusBarLength.description.
2024-02-28 12:23:38.399 [warning] [cmake-tools]: Couldn't find message for key cmake-tools.configuration.cmake.options.advanced.statusBarLength.description.
2024-02-28 12:23:38.399 [warning] [cmake-tools]: Couldn't find message for key cmake-tools.configuration.cmake.options.advanced.statusBarLength.description.
2024-02-28 12:23:38.399 [warning] [cmake-tools]: Couldn't find message for key cmake-tools.configuration.cmake.options.advanced.statusBarLength.description.
2024-02-28 12:23:38.432 [warning] [cmake-tools]: Couldn't find message for key cmake-tools.configuration.cmake.options.advanced.statusBarLength.description.
2024-02-28 12:23:38.432 [warning] [cmake-tools]: Couldn't find message for key cmake-tools.configuration.cmake.options.advanced.statusBarLength.description.
2024-02-28 12:23:38.432 [warning] [cmake-tools]: Couldn't find message for key cmake-tools.configuration.cmake.options.advanced.statusBarLength.description.
2024-02-28 12:23:38.432 [warning] [cmake-tools]: Couldn't find message for key cmake-tools.configuration.cmake.options.advanced.statusBarLength.description.
2024-02-28 12:23:38.432 [warning] [cmake-tools]: Couldn't find message for key cmake-tools.configuration.cmake.options.advanced.statusBarLength.description.
2024-02-28 12:23:38.432 [warning] [cmake-tools]: Couldn't find message for key cmake-tools.configuration.cmake.options.advanced.statusBarLength.description.
2024-02-28 12:23:38.432 [warning] [cmake-tools]: Couldn't find message for key cmake-tools.configuration.cmake.options.advanced.statusBarLength.description.
2024-02-28 12:23:38.432 [warning] [cmake-tools]: Couldn't find message for key cmake-tools.configuration.cmake.options.advanced.statusBarLength.description.
2024-02-28 12:23:38.432 [warning] [cmake-tools]: Couldn't find message for key cmake-tools.configuration.cmake.options.advanced.statusBarLength.description.
2024-02-28 12:23:38.433 [warning] [cmake-tools]: Couldn't find message for key cmake-tools.configuration.cmake.options.advanced.statusBarLength.description.
2024-02-28 12:23:38.433 [warning] [cmake-tools]: Couldn't find message for key cmake-tools.configuration.cmake.options.advanced.statusBarLength.description.
2024-02-28 12:23:38.433 [warning] [cmake-tools]: Couldn't find message for key cmake-tools.configuration.cmake.options.advanced.statusBarLength.description.
2024-02-28 12:23:42.621 [info] Extension signature is verified: ms-vscode.cmake-tools
2024-02-28 12:23:42.765 [info] Extracted extension to file:///home/nizar/.vscode/extensions/ms-vscode.cmake-tools-1.17.17: ms-vscode.cmake-tools
2024-02-28 12:23:42.773 [info] Renamed to /home/nizar/.vscode/extensions/ms-vscode.cmake-tools-1.17.17
2024-02-28 12:23:42.775 [warning] [cmake-tools]: Couldn't find message for key cmake-tools.configuration.cmake.options.advanced.statusBarLength.description.
2024-02-28 12:23:42.775 [warning] [cmake-tools]: Couldn't find message for key cmake-tools.configuration.cmake.options.advanced.statusBarLength.description.
2024-02-28 12:23:42.775 [warning] [cmake-tools]: Couldn't find message for key cmake-tools.configuration.cmake.options.advanced.statusBarLength.description.
2024-02-28 12:23:42.776 [warning] [cmake-tools]: Couldn't find message for key cmake-tools.configuration.cmake.options.advanced.statusBarLength.description.
2024-02-28 12:23:42.776 [warning] [cmake-tools]: Couldn't find message for key cmake-tools.configuration.cmake.options.advanced.statusBarLength.description.
2024-02-28 12:23:42.776 [warning] [cmake-tools]: Couldn't find message for key cmake-tools.configuration.cmake.options.advanced.statusBarLength.description.
2024-02-28 12:23:42.776 [warning] [cmake-tools]: Couldn't find message for key cmake-tools.configuration.cmake.options.advanced.statusBarLength.description.
2024-02-28 12:23:42.776 [warning] [cmake-tools]: Couldn't find message for key cmake-tools.configuration.cmake.options.advanced.statusBarLength.description.
2024-02-28 12:23:42.776 [warning] [cmake-tools]: Couldn't find message for key cmake-tools.configuration.cmake.options.advanced.statusBarLength.description.
2024-02-28 12:23:42.776 [warning] [cmake-tools]: Couldn't find message for key cmake-tools.configuration.cmake.options.advanced.statusBarLength.description.
2024-02-28 12:23:42.776 [warning] [cmake-tools]: Couldn't find message for key cmake-tools.configuration.cmake.options.advanced.statusBarLength.description.
2024-02-28 12:23:42.776 [warning] [cmake-tools]: Couldn't find message for key cmake-tools.configuration.cmake.options.advanced.statusBarLength.description.
2024-02-28 12:23:42.777 [info] Extracting extension completed. ms-vscode.cmake-tools
2024-02-28 12:23:42.786 [info] Extension installed successfully: ms-vscode.cmake-tools
2024-02-28 12:23:42.790 [warning] [cmake-tools]: Couldn't find message for key cmake-tools.configuration.cmake.options.advanced.statusBarLength.description.
2024-02-28 12:23:42.790 [warning] [cmake-tools]: Couldn't find message for key cmake-tools.configuration.cmake.options.advanced.statusBarLength.description.
2024-02-28 12:23:42.790 [warning] [cmake-tools]: Couldn't find message for key cmake-tools.configuration.cmake.options.advanced.statusBarLength.description.
2024-02-28 12:23:42.791 [warning] [cmake-tools]: Couldn't find message for key cmake-tools.configuration.cmake.options.advanced.statusBarLength.description.
2024-02-28 12:23:42.791 [warning] [cmake-tools]: Couldn't find message for key cmake-tools.configuration.cmake.options.advanced.statusBarLength.description.
2024-02-28 12:23:42.791 [warning] [cmake-tools]: Couldn't find message for key cmake-tools.configuration.cmake.options.advanced.statusBarLength.description.
2024-02-28 12:23:42.791 [warning] [cmake-tools]: Couldn't find message for key cmake-tools.configuration.cmake.options.advanced.statusBarLength.description.
2024-02-28 12:23:42.791 [warning] [cmake-tools]: Couldn't find message for key cmake-tools.configuration.cmake.options.advanced.statusBarLength.description.
2024-02-28 12:23:42.791 [warning] [cmake-tools]: Couldn't find message for key cmake-tools.configuration.cmake.options.advanced.statusBarLength.description.
2024-02-28 12:23:42.791 [warning] [cmake-tools]: Couldn't find message for key cmake-tools.configuration.cmake.options.advanced.statusBarLength.description.
2024-02-28 12:23:42.791 [warning] [cmake-tools]: Couldn't find message for key cmake-tools.configuration.cmake.options.advanced.statusBarLength.description.
2024-02-28 12:23:42.791 [warning] [cmake-tools]: Couldn't find message for key cmake-tools.configuration.cmake.options.advanced.statusBarLength.description.
2024-02-28 12:23:42.793 [info] Marked extension as uninstalled ms-vscode.cmake-tools-1.17.16
2024-02-28 12:23:42.803 [error] [uncaught exception in sharedProcess]: Error: ENOENT: no such file or directory, stat '/home/nizar/.vscode/extensions/extensions.json.vsctmp': EntryNotFound (FileSystemError): Error: ENOENT: no such file or directory, stat '/home/nizar/.vscode/extensions/extensions.json.vsctmp'
    at r.create (/usr/bin/resources/app/out/vs/code/node/sharedProcess/sharedProcessMain.js:51:30119)
    at a (/usr/bin/resources/app/out/vs/code/node/sharedProcess/sharedProcessMain.js:51:30234)
    at i.fb (/usr/bin/resources/app/out/vs/code/node/sharedProcess/sharedProcessMain.js:56:36631)
    at i.stat (/usr/bin/resources/app/out/vs/code/node/sharedProcess/sharedProcessMain.js:56:29077)
    at async v.stat (/usr/bin/resources/app/out/vs/code/node/sharedProcess/sharedProcessMain.js:56:16223)
    at async Y.tb (/usr/bin/resources/app/out/vs/code/node/sharedProcess/sharedProcessMain.js:102:108626)
