2024-02-21 20:55:28.663 [info] Started local extension host with pid 1745.
2024-02-21 20:55:28.833 [warning] [cmake-tools]: Couldn't find message for key cmake-tools.configuration.cmake.options.advanced.statusBarLength.description.
2024-02-21 20:55:28.834 [warning] [cmake-tools]: Couldn't find message for key cmake-tools.configuration.cmake.options.advanced.statusBarLength.description.
2024-02-21 20:55:28.834 [warning] [cmake-tools]: Couldn't find message for key cmake-tools.configuration.cmake.options.advanced.statusBarLength.description.
2024-02-21 20:55:28.834 [warning] [cmake-tools]: Couldn't find message for key cmake-tools.configuration.cmake.options.advanced.statusBarLength.description.
2024-02-21 20:55:28.834 [warning] [cmake-tools]: Couldn't find message for key cmake-tools.configuration.cmake.options.advanced.statusBarLength.description.
2024-02-21 20:55:28.834 [warning] [cmake-tools]: Couldn't find message for key cmake-tools.configuration.cmake.options.advanced.statusBarLength.description.
2024-02-21 20:55:28.834 [warning] [cmake-tools]: Couldn't find message for key cmake-tools.configuration.cmake.options.advanced.statusBarLength.description.
2024-02-21 20:55:28.835 [warning] [cmake-tools]: Couldn't find message for key cmake-tools.configuration.cmake.options.advanced.statusBarLength.description.
2024-02-21 20:55:28.835 [warning] [cmake-tools]: Couldn't find message for key cmake-tools.configuration.cmake.options.advanced.statusBarLength.description.
2024-02-21 20:55:28.835 [warning] [cmake-tools]: Couldn't find message for key cmake-tools.configuration.cmake.options.advanced.statusBarLength.description.
2024-02-21 20:55:28.835 [warning] [cmake-tools]: Couldn't find message for key cmake-tools.configuration.cmake.options.advanced.statusBarLength.description.
2024-02-21 20:55:28.835 [warning] [cmake-tools]: Couldn't find message for key cmake-tools.configuration.cmake.options.advanced.statusBarLength.description.
2024-02-21 20:55:28.903 [warning] [twxs.cmake]: Cannot register 'cmake.cmakePath'. This property is already registered.
2024-02-21 20:55:29.308 [error] [xabikos.JavaScriptSnippets]: Unknown language in `contributes.JavaScriptSnippets.language`. Provided value: vue
2024-02-21 20:55:31.402 [info] [perf] Render performance baseline is 19ms
2024-02-21 20:55:31.517 [error] ENOENT: no such file or directory, open '/home/nizar/.config/Code/User/globalStorage/vscodevim.vim/.registers': Error: ENOENT: no such file or directory, open '/home/nizar/.config/Code/User/globalStorage/vscodevim.vim/.registers'
2024-02-21 20:56:20.407 [error] spawn xterm ENOENT: Error: spawn xterm ENOENT
    at Process.onexit (node:internal/child_process:283:19)
    at onErrorNT (node:internal/child_process:476:16)
    at process.processTicksAndRejections (node:internal/process/task_queues:82:21)
