2024-03-13T15:38:12.353Z 0: 

----------------------------------------------
2024-03-13T15:38:12.365Z 1: Discord starting: {"releaseChannel":"stable","version":"0.0.45"}, modulepath: /home/nizar/.config/discord/0.0.45/modules
2024-03-13T15:38:12.370Z 2: ✅ webContents.created web1 ""
2024-03-13T15:38:12.375Z 3: ✅ window.created win1 "discord"
2024-03-13T15:38:12.575Z 4: ✅ webContents.did-finish-load web1
2024-03-13T15:38:19.571Z 5: ✅ webContents.created web2 ""
2024-03-13T15:38:19.680Z 6: ✅ window.created win2 "Discord"
2024-03-13T15:38:21.530Z 7: ✅ webContents.did-finish-load web2
2024-03-13T15:38:21.629Z 8: window.close win1
2024-03-13T15:38:21.723Z 9: webContents.destroyed web1
2024-03-13T15:38:21.724Z 10: window.closed win1
2024-03-13T15:45:49.520Z 11: before-quit
2024-03-13T15:45:49.532Z 12: window.close win2
2024-03-13T15:45:49.591Z 13: ❌ child-process-gone {
  type: 'Utility',
  reason: 'killed',
  exitCode: 15,
  serviceName: 'network.mojom.NetworkService',
  name: 'Network Service'
}
2024-03-14T14:30:17.854Z 0: 

----------------------------------------------
2024-03-14T14:30:17.878Z 1: Discord starting: {"releaseChannel":"stable","version":"0.0.45"}, modulepath: /home/nizar/.config/discord/0.0.45/modules
2024-03-14T14:30:17.883Z 2: ✅ webContents.created web1 ""
2024-03-14T14:30:17.885Z 3: ✅ window.created win1 "discord"
2024-03-14T14:30:18.220Z 4: ✅ webContents.did-finish-load web1
2024-03-14T14:30:18.550Z 5: ✅ webContents.created web2 ""
2024-03-14T14:30:18.617Z 6: ✅ window.created win2 "Discord"
2024-03-14T14:30:20.584Z 7: ✅ webContents.did-finish-load web2
2024-03-14T14:30:20.681Z 8: window.close win1
2024-03-14T14:30:20.729Z 9: webContents.destroyed web1
2024-03-14T14:30:20.733Z 10: window.closed win1
2024-03-14T23:57:40.141Z 11: before-quit
2024-03-14T23:57:40.159Z 12: window.close win2
2024-03-14T23:57:40.161Z 13: ❌ child-process-gone {
  type: 'Utility',
  reason: 'killed',
  exitCode: 15,
  serviceName: 'audio.mojom.AudioService',
  name: 'Audio Service'
}
2024-03-14T23:57:40.176Z 14: ❌ child-process-gone {
  type: 'Utility',
  reason: 'killed',
  exitCode: 15,
  serviceName: 'network.mojom.NetworkService',
  name: 'Network Service'
}
2024-03-14T23:57:40.216Z 15: ❌ child-process-gone {
  type: 'Utility',
  reason: 'killed',
  exitCode: 15,
  serviceName: 'video_capture.mojom.VideoCaptureService',
  name: 'Video Capture'
}
2024-03-15T12:54:09.228Z 0: 

----------------------------------------------
2024-03-15T12:54:09.253Z 1: Discord starting: {"releaseChannel":"stable","version":"0.0.45"}, modulepath: /home/nizar/.config/discord/0.0.45/modules
2024-03-15T12:54:09.256Z 2: ✅ webContents.created web1 ""
2024-03-15T12:54:09.259Z 3: ✅ window.created win1 "discord"
2024-03-15T12:54:09.599Z 4: ✅ webContents.did-finish-load web1
2024-03-15T12:54:40.040Z 5: ✅ webContents.created web2 ""
2024-03-15T12:54:40.134Z 6: ✅ window.created win2 "Discord"
2024-03-15T12:54:41.865Z 7: ✅ webContents.did-finish-load web2
2024-03-15T12:54:41.963Z 8: window.close win1
2024-03-15T12:54:42.066Z 9: webContents.destroyed web1
2024-03-15T12:54:42.070Z 10: window.closed win1
2024-03-15T23:24:30.973Z 11: before-quit
2024-03-15T23:24:31.003Z 12: window.close win2
2024-03-15T23:24:31.008Z 13: ❌ child-process-gone {
  type: 'Utility',
  reason: 'killed',
  exitCode: 15,
  serviceName: 'network.mojom.NetworkService',
  name: 'Network Service'
}
2024-03-15T23:24:31.020Z 14: ❌ child-process-gone {
  type: 'Utility',
  reason: 'killed',
  exitCode: 15,
  serviceName: 'audio.mojom.AudioService',
  name: 'Audio Service'
}
2024-03-15T23:24:31.039Z 15: ❌ child-process-gone {
  type: 'Utility',
  reason: 'killed',
  exitCode: 15,
  serviceName: 'video_capture.mojom.VideoCaptureService',
  name: 'Video Capture'
}
2024-03-16T17:46:07.181Z 0: 

----------------------------------------------
2024-03-16T17:46:07.200Z 1: Discord starting: {"releaseChannel":"stable","version":"0.0.45"}, modulepath: /home/nizar/.config/discord/0.0.45/modules
2024-03-16T17:46:07.213Z 2: ✅ webContents.created web1 ""
2024-03-16T17:46:07.215Z 3: ✅ window.created win1 "discord"
2024-03-16T17:46:07.555Z 4: ✅ webContents.did-finish-load web1
2024-03-16T17:46:07.812Z 5: ✅ webContents.created web2 ""
2024-03-16T17:46:07.889Z 6: ✅ window.created win2 "Discord"
2024-03-16T17:46:10.133Z 7: ✅ webContents.did-finish-load web2
2024-03-16T17:46:10.225Z 8: window.close win1
2024-03-16T17:46:10.240Z 9: webContents.destroyed web1
2024-03-16T17:46:10.242Z 10: window.closed win1
2024-03-16T19:53:29.685Z 11: window.close win2
2024-03-16T21:21:03.848Z 0: 

----------------------------------------------
2024-03-16T21:21:03.862Z 1: Discord starting: {"releaseChannel":"stable","version":"0.0.45"}, modulepath: /home/nizar/.config/discord/0.0.45/modules
2024-03-17T00:03:19.771Z 12: before-quit
2024-03-17T00:03:19.778Z 13: window.close win2
2024-03-17T00:03:19.791Z 14: ❌ child-process-gone {
  type: 'Utility',
  reason: 'killed',
  exitCode: 15,
  serviceName: 'audio.mojom.AudioService',
  name: 'Audio Service'
}
2024-03-17T00:03:19.818Z 15: ❌ child-process-gone {
  type: 'Utility',
  reason: 'killed',
  exitCode: 15,
  serviceName: 'network.mojom.NetworkService',
  name: 'Network Service'
}
