2024-02-21 18:56:49.339 [info] Active editor: file:///home/nizar/projects/websocket/server/libs/utils.h
2024-02-21 18:56:49.671 [info] /home/nizar/projects/websocket/server/libs/utils.h closed
2024-02-21 18:58:45.758 [info] /settings/user closed
2024-02-21 18:58:46.009 [info] /settings/resourceLanguage closed
2024-02-21 18:58:46.095 [info] /ignoredSettings closed
2024-02-21 18:58:46.707 [info] /launch closed
2024-02-21 18:58:46.861 [info] /token-styling closed
2024-02-21 18:58:46.862 [info] /textmate-colors closed
2024-02-21 18:58:46.867 [info] /workbench-colors closed
2024-02-21 19:01:45.791 [info] /settings/user closed
2024-02-21 19:01:46.055 [info] /settings/resourceLanguage closed
2024-02-21 19:01:46.145 [info] /ignoredSettings closed
2024-02-21 19:01:46.789 [info] /launch closed
2024-02-21 19:01:46.949 [info] /token-styling closed
2024-02-21 19:01:46.950 [info] /textmate-colors closed
2024-02-21 19:01:46.951 [info] /workbench-colors closed
2024-02-21 19:04:25.156 [info] Executing :w
2024-02-21 19:04:25.998 [info] Executing :w
2024-02-21 19:04:45.822 [info] /settings/user closed
2024-02-21 19:04:46.109 [info] /settings/resourceLanguage closed
2024-02-21 19:04:46.192 [info] /ignoredSettings closed
2024-02-21 19:04:46.877 [info] /launch closed
2024-02-21 19:04:47.041 [info] /token-styling closed
2024-02-21 19:04:47.041 [info] /textmate-colors closed
2024-02-21 19:04:47.045 [info] /workbench-colors closed
2024-02-21 19:06:50.729 [info] Executing :w
2024-02-21 19:07:45.856 [info] /settings/user closed
2024-02-21 19:07:46.155 [info] /settings/resourceLanguage closed
2024-02-21 19:07:46.239 [info] /ignoredSettings closed
2024-02-21 19:07:46.960 [info] /launch closed
2024-02-21 19:07:47.111 [info] /token-styling closed
2024-02-21 19:07:47.111 [info] /textmate-colors closed
2024-02-21 19:07:47.116 [info] /workbench-colors closed
2024-02-21 19:10:45.888 [info] /settings/user closed
2024-02-21 19:10:46.204 [info] /settings/resourceLanguage closed
2024-02-21 19:10:46.291 [info] /ignoredSettings closed
2024-02-21 19:10:47.042 [info] /launch closed
2024-02-21 19:10:47.212 [info] /token-styling closed
2024-02-21 19:10:47.213 [info] /textmate-colors closed
2024-02-21 19:10:47.216 [info] /workbench-colors closed
2024-02-21 19:13:45.919 [info] /settings/user closed
2024-02-21 19:13:46.244 [info] /settings/resourceLanguage closed
2024-02-21 19:13:46.333 [info] /ignoredSettings closed
2024-02-21 19:13:47.127 [info] /launch closed
2024-02-21 19:13:47.279 [info] /token-styling closed
2024-02-21 19:13:47.280 [info] /textmate-colors closed
2024-02-21 19:13:47.283 [info] /workbench-colors closed
2024-02-21 19:16:45.954 [info] /settings/user closed
2024-02-21 19:16:46.296 [info] /settings/resourceLanguage closed
2024-02-21 19:16:46.386 [info] /ignoredSettings closed
2024-02-21 19:16:47.207 [info] /launch closed
2024-02-21 19:16:47.372 [info] /token-styling closed
2024-02-21 19:16:47.372 [info] /textmate-colors closed
2024-02-21 19:16:47.375 [info] /workbench-colors closed
2024-02-21 19:19:45.987 [info] /settings/user closed
2024-02-21 19:19:46.347 [info] /settings/resourceLanguage closed
2024-02-21 19:19:46.436 [info] /ignoredSettings closed
2024-02-21 19:19:47.294 [info] /launch closed
2024-02-21 19:19:47.449 [info] /token-styling closed
2024-02-21 19:19:47.450 [info] /textmate-colors closed
2024-02-21 19:19:47.453 [info] /workbench-colors closed
2024-02-21 19:22:46.018 [info] /settings/user closed
2024-02-21 19:22:46.398 [info] /settings/resourceLanguage closed
2024-02-21 19:22:46.487 [info] /ignoredSettings closed
2024-02-21 19:22:47.393 [info] /launch closed
2024-02-21 19:22:47.556 [info] /token-styling closed
2024-02-21 19:22:47.556 [info] /textmate-colors closed
2024-02-21 19:22:47.560 [info] /workbench-colors closed
2024-02-21 19:25:46.050 [info] /settings/user closed
2024-02-21 19:25:46.447 [info] /settings/resourceLanguage closed
2024-02-21 19:25:46.533 [info] /ignoredSettings closed
2024-02-21 19:25:47.474 [info] /launch closed
2024-02-21 19:25:47.642 [info] /token-styling closed
2024-02-21 19:25:47.643 [info] /textmate-colors closed
2024-02-21 19:25:47.645 [info] /workbench-colors closed
2024-02-21 19:28:23.053 [info] Active editor: file:///home/nizar/projects/websocket/server/resources/index.html
2024-02-21 19:28:26.433 [info] Active editor: file:///home/nizar/projects/websocket/server/libs/utils.h
2024-02-21 19:28:46.088 [info] /settings/user closed
2024-02-21 19:28:46.496 [info] /settings/resourceLanguage closed
2024-02-21 19:28:46.590 [info] /ignoredSettings closed
2024-02-21 19:28:47.557 [info] /launch closed
2024-02-21 19:28:47.727 [info] /token-styling closed
2024-02-21 19:28:47.728 [info] /textmate-colors closed
2024-02-21 19:28:47.730 [info] /workbench-colors closed
2024-02-21 19:29:14.379 [info] Active editor: file:///home/nizar/projects/websocket/server/libs/utils.c
2024-02-21 19:29:16.614 [info] Active editor: file:///home/nizar/projects/websocket/server/libs/utils.h
2024-02-21 19:29:30.794 [info] Active editor: file:///home/nizar/projects/websocket/server/libs/utils.c
2024-02-21 19:29:37.298 [warning] invalid cursor position. [[154, 1] | [154, 1]].
2024-02-21 19:29:37.298 [warning] invalid cursor position. [[154, 1] | [154, 1]].
2024-02-21 19:29:39.100 [info] Executing :w
2024-02-21 19:29:39.858 [info] Executing :w
2024-02-21 19:30:17.080 [info] Active editor: file:///home/nizar/projects/websocket/server/libs/utils.h
2024-02-21 19:31:01.308 [info] Active editor: file:///home/nizar/projects/websocket/server/libs/utils.c
2024-02-21 19:31:01.318 [warning] invalid cursor position. [[64, 69] | [64, 69]].
2024-02-21 19:31:17.079 [info] Executing :w
2024-02-21 19:31:22.990 [info] Active editor: file:///home/nizar/projects/websocket/server/libs/utils.h
2024-02-21 19:31:46.119 [info] /settings/user closed
2024-02-21 19:31:46.545 [info] /settings/resourceLanguage closed
2024-02-21 19:31:46.630 [info] /ignoredSettings closed
2024-02-21 19:31:47.641 [info] /launch closed
2024-02-21 19:31:47.794 [info] /token-styling closed
2024-02-21 19:31:47.801 [info] /textmate-colors closed
2024-02-21 19:31:47.801 [info] /workbench-colors closed
2024-02-21 19:33:07.426 [info] Executing :w
2024-02-21 19:33:17.049 [info] Executing :w
2024-02-21 19:33:26.819 [info] Active editor: file:///home/nizar/projects/websocket/server/libs/utils.c
2024-02-21 19:33:32.096 [info] Active editor: file:///home/nizar/projects/websocket/server/libs/utils.h
2024-02-21 19:33:35.160 [info] Active editor: file:///home/nizar/projects/websocket/server/libs/utils.c
2024-02-21 19:34:09.595 [info] Executing :w
2024-02-21 19:34:14.150 [info] Active editor: file:///home/nizar/projects/websocket/server/libs/utils.h
2024-02-21 19:34:24.841 [info] Executing :w
2024-02-21 19:34:31.049 [info] Active editor: file:///home/nizar/projects/websocket/server/libs/utils.c
2024-02-21 19:34:46.152 [info] /settings/user closed
2024-02-21 19:34:46.600 [info] /settings/resourceLanguage closed
2024-02-21 19:34:46.687 [info] /ignoredSettings closed
2024-02-21 19:34:47.722 [info] /launch closed
2024-02-21 19:34:47.890 [info] /token-styling closed
2024-02-21 19:34:47.891 [info] /textmate-colors closed
2024-02-21 19:34:47.895 [info] /workbench-colors closed
2024-02-21 19:34:50.402 [info] Executing :w
2024-02-21 19:35:11.339 [info] Executing :w
2024-02-21 19:35:20.802 [info] Executing :w
2024-02-21 19:35:52.774 [info] Executing :w
2024-02-21 19:35:56.231 [info] Active editor: file:///home/nizar/projects/websocket/server/libs/utils.h
2024-02-21 19:35:57.906 [info] Active editor: file:///home/nizar/projects/websocket/server/resources/index.html
2024-02-21 19:35:58.549 [info] Active editor: file:///home/nizar/projects/websocket/server/libs/utils.c
2024-02-21 19:36:05.455 [info] Executing :w
2024-02-21 19:36:09.533 [info] Active editor: file:///home/nizar/projects/websocket/server/libs/utils.h
2024-02-21 19:36:15.384 [info] Executing :w
2024-02-21 19:36:17.063 [info] Active editor: file:///home/nizar/projects/websocket/server/libs/utils.c
2024-02-21 19:36:21.723 [info] Active editor: file:///home/nizar/projects/websocket/server/libs/utils.h
2024-02-21 19:36:35.448 [info] Executing :w
2024-02-21 19:36:36.824 [info] Active editor: file:///home/nizar/projects/websocket/server/libs/utils.c
2024-02-21 19:37:13.372 [info] Executing :w
2024-02-21 19:37:19.764 [info] Executing :w
2024-02-21 19:37:44.043 [info] Executing :w
2024-02-21 19:37:45.273 [info] Executing :w
2024-02-21 19:37:46.183 [info] /settings/user closed
2024-02-21 19:37:46.642 [info] /settings/resourceLanguage closed
2024-02-21 19:37:46.735 [info] /ignoredSettings closed
2024-02-21 19:37:47.810 [info] /launch closed
2024-02-21 19:37:47.961 [info] /token-styling closed
2024-02-21 19:37:47.961 [info] /textmate-colors closed
2024-02-21 19:37:47.964 [info] /workbench-colors closed
2024-02-21 19:37:48.658 [info] Active editor: file:///home/nizar/projects/websocket/server/resources/index.html
2024-02-21 19:37:55.078 [info] Active editor: file:///home/nizar/projects/websocket/server/libs/htmc.h
2024-02-21 19:37:57.283 [info] Active editor: file:///home/nizar/projects/websocket/server/libs/utils.h
2024-02-21 19:37:59.835 [info] Active editor: file:///home/nizar/projects/websocket/server/libs/utils.c
2024-02-21 19:38:02.646 [info] Active editor: file:///home/nizar/projects/websocket/server/resources/index.html
2024-02-21 19:38:04.883 [info] Active editor: file:///home/nizar/projects/websocket/server/Makefile
2024-02-21 19:38:06.017 [info] /home/nizar/projects/websocket/server/Makefile closed
2024-02-21 19:38:06.027 [info] Active editor: file:///home/nizar/projects/websocket/server/resources/mime_types.json
2024-02-21 19:38:06.412 [info] Active editor: file:///home/nizar/projects/websocket/server/resources/index.html
2024-02-21 19:38:09.008 [info] Active editor: file:///home/nizar/projects/websocket/server/server.c
2024-02-21 19:38:40.708 [info] Executing :w
2024-02-21 19:38:42.314 [info] Active editor: file:///home/nizar/projects/websocket/server/libs/utils.c
2024-02-21 19:38:44.671 [info] Active editor: file:///home/nizar/projects/websocket/server/libs/htmc.h
2024-02-21 19:38:45.174 [info] Active editor: file:///home/nizar/projects/websocket/server/libs/utils.h
2024-02-21 19:38:48.357 [info] Active editor: file:///home/nizar/projects/websocket/server/server.c
2024-02-21 19:38:55.854 [info] Executing :w
2024-02-21 19:39:09.061 [info] Executing :w
2024-02-21 19:39:15.297 [info] Executing :w
2024-02-21 19:39:24.382 [info] Executing :w
2024-02-21 19:39:30.264 [info] Executing :w
2024-02-21 19:39:42.929 [info] Executing :w
2024-02-21 19:39:50.208 [info] Active editor: file:///home/nizar/projects/websocket/server/libs/utils.h
2024-02-21 19:39:51.408 [info] Active editor: file:///home/nizar/projects/websocket/server/libs/utils.c
2024-02-21 19:40:34.745 [info] Active editor: file:///home/nizar/projects/websocket/server/libs/utils.h
2024-02-21 19:40:36.148 [info] Active editor: file:///home/nizar/projects/websocket/server/libs/utils.c
2024-02-21 19:40:37.387 [info] Active editor: file:///home/nizar/projects/websocket/server/libs/htmc.h
2024-02-21 19:40:37.920 [info] Active editor: file:///home/nizar/projects/websocket/server/libs/utils.h
2024-02-21 19:40:39.348 [info] Active editor: file:///home/nizar/projects/websocket/server/resources/index.html
2024-02-21 19:40:43.544 [info] Active editor: file:///home/nizar/projects/websocket/server/libs/utils.h
2024-02-21 19:40:44.417 [info] Active editor: file:///home/nizar/projects/websocket/server/libs/utils.c
2024-02-21 19:40:45.321 [info] Active editor: file:///home/nizar/projects/websocket/server/libs/utils.h
2024-02-21 19:40:46.215 [info] /settings/user closed
2024-02-21 19:40:46.680 [info] /settings/resourceLanguage closed
2024-02-21 19:40:46.778 [info] /ignoredSettings closed
2024-02-21 19:40:47.186 [info] Active editor: file:///home/nizar/projects/websocket/server/resources/index.html
2024-02-21 19:40:47.887 [info] /launch closed
2024-02-21 19:40:48.028 [info] /token-styling closed
2024-02-21 19:40:48.029 [info] /textmate-colors closed
2024-02-21 19:40:48.031 [info] /workbench-colors closed
2024-02-21 19:40:51.893 [info] Active editor: file:///home/nizar/projects/websocket/server/server.c
2024-02-21 19:40:57.326 [info] Executing :w
2024-02-21 19:41:02.232 [info] Executing :w
2024-02-21 19:41:37.920 [info] Executing :w
2024-02-21 19:41:43.974 [info] Active editor: file:///home/nizar/projects/websocket/server/libs/utils.c
2024-02-21 19:41:44.649 [info] Active editor: file:///home/nizar/projects/websocket/server/libs/utils.h
2024-02-21 19:41:52.262 [info] Active editor: file:///home/nizar/projects/websocket/server/libs/utils.c
2024-02-21 19:41:53.587 [info] Active editor: file:///home/nizar/projects/websocket/server/server.c
2024-02-21 19:41:56.518 [info] Executing :w
2024-02-21 19:42:05.688 [info] Executing :w
2024-02-21 19:42:35.812 [info] Active editor: file:///home/nizar/projects/websocket/server/libs/htmc.h
2024-02-21 19:42:38.465 [info] /home/nizar/projects/websocket/server/libs/htmc.h closed
2024-02-21 19:42:38.469 [info] Active editor: file:///home/nizar/projects/websocket/server/server.c
2024-02-21 19:42:39.751 [info] Active editor: file:///home/nizar/projects/websocket/server/libs/utils.h
2024-02-21 19:42:40.484 [info] Active editor: file:///home/nizar/projects/websocket/server/server.c
2024-02-21 19:42:42.311 [info] Active editor: file:///home/nizar/projects/websocket/server/libs/utils.h
2024-02-21 19:42:45.415 [info] Active editor: file:///home/nizar/projects/websocket/server/libs/utils.c
2024-02-21 19:42:46.716 [info] Active editor: file:///home/nizar/projects/websocket/server/server.c
2024-02-21 19:42:54.568 [info] Executing :w
2024-02-21 19:43:24.731 [info] Executing :w
2024-02-21 19:43:25.591 [info] Executing :w
2024-02-21 19:43:46.248 [info] /settings/user closed
2024-02-21 19:43:46.724 [info] /settings/resourceLanguage closed
2024-02-21 19:43:46.819 [info] /ignoredSettings closed
2024-02-21 19:43:47.968 [info] /launch closed
2024-02-21 19:43:48.105 [info] /token-styling closed
2024-02-21 19:43:48.105 [info] /textmate-colors closed
2024-02-21 19:43:48.109 [info] /workbench-colors closed
2024-02-21 19:45:14.534 [info] Active editor: file:///home/nizar/projects/websocket/server/resources/index.css
2024-02-21 19:45:31.843 [info] Active editor: file:///home/nizar/projects/websocket/server/resources/pages/about/about.html
2024-02-21 19:45:37.001 [info] Active editor: file:///home/nizar/projects/websocket/server/resources/pages/about/about.css
2024-02-21 19:45:52.686 [info] Active editor: file:///home/nizar/projects/websocket/server/resources/pages/projects/projects.html
2024-02-21 19:46:00.026 [info] Active editor: file:///home/nizar/projects/websocket/server/resources/pages/projects/projects.css
2024-02-21 19:46:10.797 [info] /home/nizar/projects/websocket/server/resources/index.html closed
2024-02-21 19:46:10.798 [info] /home/nizar/projects/websocket/server/resources/mime_types.json closed
2024-02-21 19:46:10.799 [info] /home/nizar/projects/websocket/server/resources/index.css closed
2024-02-21 19:46:10.799 [info] /home/nizar/projects/websocket/server/resources/pages/about/about.html closed
2024-02-21 19:46:10.800 [info] /home/nizar/projects/websocket/server/resources/pages/about/about.css closed
2024-02-21 19:46:10.800 [info] /home/nizar/projects/websocket/server/resources/pages/projects/projects.html closed
2024-02-21 19:46:10.801 [info] /home/nizar/projects/websocket/server/resources/pages/projects/projects.css closed
2024-02-21 19:46:10.956 [info] Active editor: file:///home/nizar/projects/websocket/server/route/pages/projects/projects.css
2024-02-21 19:46:15.526 [info] Active editor: file:///home/nizar/projects/websocket/server/route/pages/projects/projects.html
2024-02-21 19:46:17.819 [info] Active editor: file:///home/nizar/projects/websocket/server/route/index.css
2024-02-21 19:46:23.432 [info] Active editor: file:///home/nizar/projects/websocket/server/route/index.html
2024-02-21 19:46:24.617 [info] Active editor: file:///home/nizar/projects/websocket/server/libs/utils.h
2024-02-21 19:46:27.072 [info] Active editor: file:///home/nizar/projects/websocket/server/server.c
2024-02-21 19:46:46.278 [info] /settings/user closed
2024-02-21 19:46:46.786 [info] /settings/resourceLanguage closed
2024-02-21 19:46:46.895 [info] /ignoredSettings closed
2024-02-21 19:46:48.058 [info] /launch closed
2024-02-21 19:46:48.202 [info] /token-styling closed
2024-02-21 19:46:48.203 [info] /textmate-colors closed
2024-02-21 19:46:48.206 [info] /workbench-colors closed
2024-02-21 19:47:54.453 [info] Executing :w
2024-02-21 19:47:55.253 [info] Executing :w
2024-02-21 19:48:00.463 [info] Executing :w
2024-02-21 19:48:01.154 [info] Executing :w
2024-02-21 19:49:46.327 [info] /settings/user closed
2024-02-21 19:49:46.831 [info] /settings/resourceLanguage closed
2024-02-21 19:49:46.938 [info] /ignoredSettings closed
2024-02-21 19:49:48.138 [info] /launch closed
2024-02-21 19:49:48.288 [info] /token-styling closed
2024-02-21 19:49:48.289 [info] /textmate-colors closed
2024-02-21 19:49:48.291 [info] /workbench-colors closed
2024-02-21 19:52:46.376 [info] /settings/user closed
2024-02-21 19:52:46.897 [info] /settings/resourceLanguage closed
2024-02-21 19:52:46.981 [info] /ignoredSettings closed
2024-02-21 19:52:48.216 [info] /launch closed
2024-02-21 19:52:48.348 [info] /token-styling closed
2024-02-21 19:52:48.349 [info] /textmate-colors closed
2024-02-21 19:52:48.353 [info] /workbench-colors closed
2024-02-21 19:55:46.427 [info] /settings/user closed
2024-02-21 19:55:46.934 [info] /settings/resourceLanguage closed
2024-02-21 19:55:47.027 [info] /ignoredSettings closed
2024-02-21 19:55:48.295 [info] /launch closed
2024-02-21 19:55:48.460 [info] /token-styling closed
2024-02-21 19:55:48.461 [info] /textmate-colors closed
2024-02-21 19:55:48.463 [info] /workbench-colors closed
2024-02-21 19:57:04.041 [info] Executing :w
2024-02-21 19:58:20.387 [info] Executing :w
2024-02-21 19:58:32.614 [info] Configuration changed
2024-02-21 19:58:33.319 [info] Active editor: file:///home/nizar/projects/websocket/server/server.c
2024-02-21 19:58:36.427 [info] Active editor: file:///home/nizar/projects/websocket/server/route/mime_types.json
2024-02-21 19:58:37.021 [info] Active editor: file:///home/nizar/projects/websocket/server/libs/utils.h
2024-02-21 19:58:37.925 [info] Active editor: file:///home/nizar/projects/websocket/server/server.c
2024-02-21 19:58:46.477 [info] /settings/user closed
2024-02-21 19:58:46.983 [info] /settings/resourceLanguage closed
2024-02-21 19:58:47.071 [info] /ignoredSettings closed
2024-02-21 19:58:48.382 [info] /launch closed
2024-02-21 19:58:48.538 [info] /token-styling closed
2024-02-21 19:58:48.539 [info] /textmate-colors closed
2024-02-21 19:58:48.543 [info] /workbench-colors closed
2024-02-21 20:00:04.367 [info] Executing :w
2024-02-21 20:00:07.502 [info] Executing :w
2024-02-21 20:00:18.250 [info] Executing :w
2024-02-21 20:00:18.883 [info] Executing :w
2024-02-21 20:01:46.526 [info] /settings/user closed
2024-02-21 20:01:47.045 [info] /settings/resourceLanguage closed
2024-02-21 20:01:47.113 [info] /ignoredSettings closed
2024-02-21 20:01:48.478 [info] /launch closed
2024-02-21 20:01:48.620 [info] /token-styling closed
2024-02-21 20:01:48.620 [info] /textmate-colors closed
2024-02-21 20:01:48.624 [info] /workbench-colors closed
2024-02-21 20:02:10.376 [info] Executing :w
2024-02-21 20:02:20.307 [info] Executing :w
2024-02-21 20:02:45.402 [info] Executing :w
2024-02-21 20:04:46.576 [info] /settings/user closed
2024-02-21 20:04:47.090 [info] /settings/resourceLanguage closed
2024-02-21 20:04:47.176 [info] /ignoredSettings closed
2024-02-21 20:04:48.565 [info] /launch closed
2024-02-21 20:04:48.688 [info] /token-styling closed
2024-02-21 20:04:48.689 [info] /textmate-colors closed
2024-02-21 20:04:48.695 [info] /workbench-colors closed
2024-02-21 20:07:46.629 [info] /settings/user closed
2024-02-21 20:07:47.131 [info] /settings/resourceLanguage closed
2024-02-21 20:07:47.246 [info] /ignoredSettings closed
2024-02-21 20:07:48.644 [info] /launch closed
2024-02-21 20:07:48.796 [info] /token-styling closed
2024-02-21 20:07:48.796 [info] /textmate-colors closed
2024-02-21 20:07:48.800 [info] /workbench-colors closed
2024-02-21 20:08:33.770 [info] /usr/include/uv.h closed
2024-02-21 20:08:41.088 [info] Executing :w
2024-02-21 20:09:11.436 [info] Executing :w
2024-02-21 20:09:12.322 [info] Executing :w
2024-02-21 20:09:29.744 [info] Executing :w
2024-02-21 20:10:07.018 [info] /usr/include/uv.h closed
2024-02-21 20:10:08.426 [info] /usr/include/uv.h closed
2024-02-21 20:10:26.762 [info] Executing :w
2024-02-21 20:10:33.609 [info] Executing :w
2024-02-21 20:10:46.680 [info] /settings/user closed
2024-02-21 20:10:47.186 [info] /settings/resourceLanguage closed
2024-02-21 20:10:47.295 [info] /ignoredSettings closed
2024-02-21 20:10:48.734 [info] /launch closed
2024-02-21 20:10:48.924 [info] /token-styling closed
2024-02-21 20:10:48.925 [info] /textmate-colors closed
2024-02-21 20:10:48.942 [info] /workbench-colors closed
2024-02-21 20:13:46.733 [info] /settings/user closed
2024-02-21 20:13:47.236 [info] /settings/resourceLanguage closed
2024-02-21 20:13:47.339 [info] /ignoredSettings closed
2024-02-21 20:13:48.827 [info] /launch closed
2024-02-21 20:13:48.989 [info] /token-styling closed
2024-02-21 20:13:48.989 [info] /textmate-colors closed
2024-02-21 20:13:49.080 [info] /workbench-colors closed
2024-02-21 20:13:57.082 [info] Executing :w
2024-02-21 20:14:16.102 [info] Executing :w
2024-02-21 20:14:21.425 [info] Executing :w
2024-02-21 20:15:09.799 [info] Executing :w
2024-02-21 20:16:46.768 [info] /settings/user closed
2024-02-21 20:16:47.279 [info] /settings/resourceLanguage closed
2024-02-21 20:16:47.384 [info] /ignoredSettings closed
2024-02-21 20:16:48.915 [info] /launch closed
2024-02-21 20:16:49.088 [info] /token-styling closed
2024-02-21 20:16:49.088 [info] /textmate-colors closed
2024-02-21 20:16:49.145 [info] /workbench-colors closed
2024-02-21 20:16:55.160 [info] /usr/include/bits/types/FILE.h closed
2024-02-21 20:16:55.279 [info] /usr/include/uv.h closed
2024-02-21 20:16:55.359 [info] /usr/lib/clang/16/include/stddef.h closed
2024-02-21 20:19:46.821 [info] /settings/user closed
2024-02-21 20:19:47.323 [info] /settings/resourceLanguage closed
2024-02-21 20:19:47.425 [info] /ignoredSettings closed
2024-02-21 20:19:48.999 [info] /launch closed
2024-02-21 20:19:49.175 [info] /token-styling closed
2024-02-21 20:19:49.176 [info] /textmate-colors closed
2024-02-21 20:19:49.247 [info] /workbench-colors closed
2024-02-21 20:22:46.877 [info] /settings/user closed
2024-02-21 20:22:47.369 [info] /settings/resourceLanguage closed
2024-02-21 20:22:47.475 [info] /ignoredSettings closed
2024-02-21 20:22:49.079 [info] /launch closed
2024-02-21 20:22:49.240 [info] /token-styling closed
2024-02-21 20:22:49.240 [info] /textmate-colors closed
2024-02-21 20:22:49.318 [info] /workbench-colors closed
2024-02-21 20:25:46.930 [info] /settings/user closed
2024-02-21 20:25:47.409 [info] /settings/resourceLanguage closed
2024-02-21 20:25:47.518 [info] /ignoredSettings closed
2024-02-21 20:25:49.177 [info] /launch closed
2024-02-21 20:25:49.334 [info] /token-styling closed
2024-02-21 20:25:49.334 [info] /textmate-colors closed
2024-02-21 20:25:49.438 [info] /workbench-colors closed
2024-02-21 20:28:46.985 [info] /settings/user closed
2024-02-21 20:28:47.454 [info] /settings/resourceLanguage closed
2024-02-21 20:28:47.563 [info] /ignoredSettings closed
2024-02-21 20:28:49.265 [info] /launch closed
2024-02-21 20:28:49.426 [info] /token-styling closed
2024-02-21 20:28:49.426 [info] /textmate-colors closed
2024-02-21 20:28:49.501 [info] /workbench-colors closed
2024-02-21 20:31:47.037 [info] /settings/user closed
2024-02-21 20:31:47.499 [info] /settings/resourceLanguage closed
2024-02-21 20:31:47.611 [info] /ignoredSettings closed
2024-02-21 20:31:49.362 [info] /launch closed
2024-02-21 20:31:49.531 [info] /token-styling closed
2024-02-21 20:31:49.532 [info] /textmate-colors closed
2024-02-21 20:31:49.610 [info] /workbench-colors closed
2024-02-21 20:34:47.096 [info] /settings/user closed
2024-02-21 20:34:47.539 [info] /settings/resourceLanguage closed
2024-02-21 20:34:47.658 [info] /ignoredSettings closed
2024-02-21 20:34:49.460 [info] /launch closed
2024-02-21 20:34:49.624 [info] /token-styling closed
2024-02-21 20:34:49.624 [info] /textmate-colors closed
2024-02-21 20:34:49.701 [info] /workbench-colors closed
2024-02-21 20:37:47.154 [info] /settings/user closed
2024-02-21 20:37:47.585 [info] /settings/resourceLanguage closed
2024-02-21 20:37:47.703 [info] /ignoredSettings closed
2024-02-21 20:37:49.552 [info] /launch closed
2024-02-21 20:37:49.727 [info] /token-styling closed
2024-02-21 20:37:49.727 [info] /textmate-colors closed
2024-02-21 20:37:49.804 [info] /workbench-colors closed
