2024-02-21 17:53:46.641 [info] Started local extension host with pid 36047.
2024-02-21 17:53:49.301 [info] [perf] Render performance baseline is 20ms
2024-02-21 17:53:58.635 [info] Started local extension host with pid 36119.
2024-02-21 17:54:01.281 [info] [perf] Render performance baseline is 20ms
2024-02-21 18:02:52.290 [warning] [cmake-tools]: Couldn't find message for key cmake-tools.configuration.cmake.options.advanced.statusBarLength.description.
2024-02-21 18:02:52.291 [warning] [cmake-tools]: Couldn't find message for key cmake-tools.configuration.cmake.options.advanced.statusBarLength.description.
2024-02-21 18:02:52.291 [warning] [cmake-tools]: Couldn't find message for key cmake-tools.configuration.cmake.options.advanced.statusBarLength.description.
2024-02-21 18:02:52.291 [warning] [cmake-tools]: Couldn't find message for key cmake-tools.configuration.cmake.options.advanced.statusBarLength.description.
2024-02-21 18:02:52.291 [warning] [cmake-tools]: Couldn't find message for key cmake-tools.configuration.cmake.options.advanced.statusBarLength.description.
2024-02-21 18:02:52.291 [warning] [cmake-tools]: Couldn't find message for key cmake-tools.configuration.cmake.options.advanced.statusBarLength.description.
2024-02-21 18:02:52.292 [warning] [cmake-tools]: Couldn't find message for key cmake-tools.configuration.cmake.options.advanced.statusBarLength.description.
2024-02-21 18:02:52.292 [warning] [cmake-tools]: Couldn't find message for key cmake-tools.configuration.cmake.options.advanced.statusBarLength.description.
2024-02-21 18:02:52.292 [warning] [cmake-tools]: Couldn't find message for key cmake-tools.configuration.cmake.options.advanced.statusBarLength.description.
2024-02-21 18:02:52.292 [warning] [cmake-tools]: Couldn't find message for key cmake-tools.configuration.cmake.options.advanced.statusBarLength.description.
2024-02-21 18:02:52.292 [warning] [cmake-tools]: Couldn't find message for key cmake-tools.configuration.cmake.options.advanced.statusBarLength.description.
2024-02-21 18:02:52.292 [warning] [cmake-tools]: Couldn't find message for key cmake-tools.configuration.cmake.options.advanced.statusBarLength.description.
2024-02-21 18:02:52.318 [warning] [twxs.cmake]: Cannot register 'cmake.cmakePath'. This property is already registered.
2024-02-21 18:03:06.758 [error] [xabikos.JavaScriptSnippets]: Unknown language in `contributes.JavaScriptSnippets.language`. Provided value: vue
2024-02-21 18:18:43.218 [error] An unknown error occurred. Please consult the log for more details.
2024-02-21 18:19:04.857 [error] An unknown error occurred. Please consult the log for more details.
2024-02-21 18:19:05.904 [error] An unknown error occurred. Please consult the log for more details.
2024-02-21 18:19:07.815 [error] An unknown error occurred. Please consult the log for more details.
2024-02-21 18:19:23.291 [error] An unknown error occurred. Please consult the log for more details.
2024-02-21 18:19:25.062 [error] An unknown error occurred. Please consult the log for more details.
2024-02-21 18:49:29.208 [error] Unable to read file '/home/nizar/projects/websocket/server/libs/utils.h' (Error: File not modified since): Error: Unable to read file '/home/nizar/projects/websocket/server/libs/utils.h' (Error: File not modified since)
    at n.F (vscode-file://vscode-app/usr/bin/resources/app/out/vs/workbench/workbench.desktop.main.js:657:19875)
    at n.D (vscode-file://vscode-app/usr/bin/resources/app/out/vs/workbench/workbench.desktop.main.js:657:19763)
    at async f.M (vscode-file://vscode-app/usr/bin/resources/app/out/vs/workbench/workbench.desktop.main.js:2203:42897)
    at async f.readStream (vscode-file://vscode-app/usr/bin/resources/app/out/vs/workbench/workbench.desktop.main.js:2203:42654)
    at async L.Cb (vscode-file://vscode-app/usr/bin/resources/app/out/vs/workbench/workbench.desktop.main.js:2192:13459)
    at async L.resolve (vscode-file://vscode-app/usr/bin/resources/app/out/vs/workbench/workbench.desktop.main.js:2192:11906)
    at async vscode-file://vscode-app/usr/bin/resources/app/out/vs/workbench/workbench.desktop.main.js:2203:38766
2024-02-21 18:56:49.894 [error] ENOENT: no such file or directory, open '/home/nizar/.config/Code/User/globalStorage/vscodevim.vim/.registers': Error: ENOENT: no such file or directory, open '/home/nizar/.config/Code/User/globalStorage/vscodevim.vim/.registers'
2024-02-21 19:29:58.344 [error] spawn xterm ENOENT: Error: spawn xterm ENOENT
    at ChildProcess._handle.onexit (node:internal/child_process:283:19)
    at onErrorNT (node:internal/child_process:476:16)
    at process.processTicksAndRejections (node:internal/process/task_queues:82:21)
