2024-02-21 17:53:46.626 [info] Added views:workbench.panel.markers.view in workbench.panel.markers
2024-02-21 17:53:46.627 [info] Added views:workbench.panel.output in workbench.panel.output
2024-02-21 17:53:46.627 [info] Added views:terminal in terminal
2024-02-21 17:53:46.627 [info] Added views:outline in workbench.view.explorer
2024-02-21 17:53:46.627 [info] Added views:workbench.scm in workbench.view.scm
2024-02-21 17:53:46.627 [info] Added views:workbench.view.search in workbench.view.search
2024-02-21 17:53:46.627 [info] Added views:timeline in workbench.view.explorer
2024-02-21 17:53:46.627 [info] Added views:workbench.explorer.emptyView in workbench.view.explorer
2024-02-21 17:53:46.814 [info] Added views:workbench.debug.welcome in workbench.view.debug
2024-02-21 17:53:46.855 [info] Added views:~remote.forwardedPorts in ~remote.forwardedPortsContainer
2024-02-21 17:53:46.968 [info] Added views:workbench.panel.repl.view in workbench.panel.repl
2024-02-21 17:53:58.597 [info] Added views:workbench.panel.markers.view in workbench.panel.markers
2024-02-21 17:53:58.597 [info] Added views:workbench.panel.output in workbench.panel.output
2024-02-21 17:53:58.597 [info] Added views:terminal in terminal
2024-02-21 17:53:58.597 [info] Added views:outline in workbench.view.explorer
2024-02-21 17:53:58.597 [info] Added views:workbench.scm in workbench.view.scm
2024-02-21 17:53:58.597 [info] Added views:workbench.view.search in workbench.view.search
2024-02-21 17:53:58.597 [info] Added views:timeline in workbench.view.explorer
2024-02-21 17:53:58.597 [info] Added views:workbench.explorer.fileView in workbench.view.explorer
2024-02-21 17:53:58.779 [info] Added views:workbench.debug.variablesView,workbench.debug.watchExpressionsView,workbench.debug.callStackView,workbench.debug.breakPointsView in workbench.view.debug
2024-02-21 17:53:58.785 [info] Added views:~remote.forwardedPorts in ~remote.forwardedPortsContainer
2024-02-21 17:53:58.924 [info] Added views:workbench.panel.repl.view in workbench.panel.repl
2024-02-21 17:53:58.925 [info] Removed views:workbench.debug.breakPointsView,workbench.debug.callStackView,workbench.debug.watchExpressionsView,workbench.debug.variablesView from workbench.view.debug
2024-02-21 17:53:58.925 [info] Added views:workbench.debug.welcome in workbench.view.debug
2024-02-21 17:54:08.961 [info] Added views:workbench.views.extensions.installed,workbench.views.extensions.popular,extensions.recommendedList in workbench.view.extensions
2024-02-21 17:54:08.962 [info] Removed views:workbench.views.extensions.popular from workbench.view.extensions
2024-02-21 17:54:09.098 [info] Added views:workbench.views.extensions.popular in workbench.view.extensions
2024-02-21 17:54:15.545 [info] Removed views:extensions.recommendedList,workbench.views.extensions.popular,workbench.views.extensions.installed from workbench.view.extensions
2024-02-21 17:54:15.551 [info] Added views:workbench.views.extensions.marketplace in workbench.view.extensions
2024-02-21 18:02:43.968 [info] Removed views:workbench.views.extensions.marketplace from workbench.view.extensions
2024-02-21 18:02:43.979 [info] Added views:workbench.views.extensions.installed,workbench.views.extensions.popular,extensions.recommendedList in workbench.view.extensions
2024-02-21 18:03:03.469 [info] Removed views:extensions.recommendedList,workbench.views.extensions.popular,workbench.views.extensions.installed from workbench.view.extensions
2024-02-21 18:03:03.475 [info] Added views:workbench.views.extensions.marketplace in workbench.view.extensions
2024-02-21 19:58:32.618 [info] Added views:makefile.outline in workbench.view.extension.makefile__viewContainer
