2024-02-21 17:53:46.963 [info] Extension host with pid 36047 started
2024-02-21 17:53:46.969 [info] ExtensionService#_doActivateExtension vscode.git-base, startup: true, activationEvent: '*', root cause: vscode.git
2024-02-21 17:53:46.974 [info] ExtensionService#_doActivateExtension vscode.git, startup: true, activationEvent: '*'
2024-02-21 17:53:47.024 [info] ExtensionService#_doActivateExtension vscode.github, startup: true, activationEvent: '*'
2024-02-21 17:53:47.094 [info] Eager extensions activated
2024-02-21 17:53:47.100 [info] ExtensionService#_doActivateExtension vscode.debug-auto-launch, startup: false, activationEvent: 'onStartupFinished'
2024-02-21 17:53:47.102 [info] ExtensionService#_doActivateExtension vscode.merge-conflict, startup: false, activationEvent: 'onStartupFinished'
2024-02-21 17:53:58.277 [info] Extension host terminating: renderer closed the MessagePort
2024-02-21 17:53:58.284 [info] Extension host with pid 36047 exiting with code 0
2024-02-21 17:53:58.904 [info] Extension host with pid 36119 started
2024-02-21 17:53:58.904 [info] Skipping acquiring lock for /home/nizar/.config/Code/User/workspaceStorage/98976c2762e84f94f2b947bfd3b62861.
2024-02-21 17:53:58.926 [info] ExtensionService#_doActivateExtension vscode.git-base, startup: true, activationEvent: '*'
2024-02-21 17:53:58.947 [info] ExtensionService#_doActivateExtension vscode.github, startup: true, activationEvent: '*'
2024-02-21 17:53:58.996 [info] Eager extensions activated
2024-02-21 17:53:59.015 [info] ExtensionService#_doActivateExtension vscode.debug-auto-launch, startup: false, activationEvent: 'onStartupFinished'
2024-02-21 17:53:59.017 [info] ExtensionService#_doActivateExtension vscode.merge-conflict, startup: false, activationEvent: 'onStartupFinished'
2024-02-21 17:54:00.466 [info] ExtensionService#_doActivateExtension vscode.git, startup: false, activationEvent: 'api', root cause: vscode.github
2024-02-21 17:54:06.773 [info] ExtensionService#_doActivateExtension vscode.emmet, startup: false, activationEvent: 'onLanguage'
2024-02-21 17:54:22.572 [info] ExtensionService#_doActivateExtension ecmel.vscode-html-css, startup: false, activationEvent: 'onStartupFinished'
2024-02-21 18:02:30.294 [info] ExtensionService#_doActivateExtension PKief.material-icon-theme, startup: false, activationEvent: 'onStartupFinished'
2024-02-21 18:02:52.404 [info] ExtensionService#_doActivateExtension ms-vscode.cpptools, startup: false, activationEvent: 'onLanguage:c'
2024-02-21 18:03:25.504 [info] ExtensionService#_doActivateExtension vscode.json-language-features, startup: false, activationEvent: 'onLanguage:jsonc'
2024-02-21 18:03:25.545 [info] ExtensionService#_doActivateExtension vscode.typescript-language-features, startup: false, activationEvent: 'onLanguage:jsonc'
2024-02-21 18:16:47.261 [warning] vscode.json-language-features - Code actions of kind 'quickfix 'requested but returned code action is of kind 'source.sort.json'. Code action will be dropped. Please check 'CodeActionContext.only' to only return requested code actions.
2024-02-21 18:18:42.596 [info] ExtensionService#_doActivateExtension vscode.html-language-features, startup: false, activationEvent: 'onLanguage:html'
2024-02-21 18:18:43.218 [error] [ecmel.vscode-html-css] provider FAILED
2024-02-21 18:18:43.218 [error] undefined
2024-02-21 18:18:43.294 [error] [ecmel.vscode-html-css] provider FAILED
2024-02-21 18:18:43.294 [error] undefined
2024-02-21 18:18:43.733 [error] [ecmel.vscode-html-css] provider FAILED
2024-02-21 18:18:43.733 [error] undefined
2024-02-21 18:19:04.855 [error] [ecmel.vscode-html-css] provider FAILED
2024-02-21 18:19:04.855 [error] undefined
2024-02-21 18:19:05.165 [error] [ecmel.vscode-html-css] provider FAILED
2024-02-21 18:19:05.165 [error] undefined
2024-02-21 18:19:05.902 [error] [ecmel.vscode-html-css] provider FAILED
2024-02-21 18:19:05.902 [error] undefined
2024-02-21 18:19:06.306 [error] [ecmel.vscode-html-css] provider FAILED
2024-02-21 18:19:06.306 [error] undefined
2024-02-21 18:19:06.525 [error] [ecmel.vscode-html-css] provider FAILED
2024-02-21 18:19:06.525 [error] undefined
2024-02-21 18:19:07.814 [error] [ecmel.vscode-html-css] provider FAILED
2024-02-21 18:19:07.814 [error] undefined
2024-02-21 18:19:07.932 [error] [ecmel.vscode-html-css] provider FAILED
2024-02-21 18:19:07.932 [error] undefined
2024-02-21 18:19:08.134 [error] [ecmel.vscode-html-css] provider FAILED
2024-02-21 18:19:08.134 [error] undefined
2024-02-21 18:19:08.303 [error] [ecmel.vscode-html-css] provider FAILED
2024-02-21 18:19:08.303 [error] undefined
2024-02-21 18:19:08.463 [error] [ecmel.vscode-html-css] provider FAILED
2024-02-21 18:19:08.463 [error] undefined
2024-02-21 18:19:23.291 [error] [ecmel.vscode-html-css] provider FAILED
2024-02-21 18:19:23.291 [error] undefined
2024-02-21 18:19:23.839 [error] [ecmel.vscode-html-css] provider FAILED
2024-02-21 18:19:23.839 [error] undefined
2024-02-21 18:19:24.008 [error] [ecmel.vscode-html-css] provider FAILED
2024-02-21 18:19:24.008 [error] undefined
2024-02-21 18:19:25.062 [error] [ecmel.vscode-html-css] provider FAILED
2024-02-21 18:19:25.062 [error] undefined
2024-02-21 18:19:25.383 [error] [ecmel.vscode-html-css] provider FAILED
2024-02-21 18:19:25.383 [error] undefined
2024-02-21 18:19:25.475 [error] [ecmel.vscode-html-css] provider FAILED
2024-02-21 18:19:25.475 [error] undefined
2024-02-21 18:19:25.610 [error] [ecmel.vscode-html-css] provider FAILED
2024-02-21 18:19:25.610 [error] undefined
2024-02-21 18:19:25.711 [error] [ecmel.vscode-html-css] provider FAILED
2024-02-21 18:19:25.712 [error] undefined
2024-02-21 18:49:06.632 [warning] ms-vscode.cpptools - Code actions of kind 'quickfix 'requested but returned code action is of kind 'refactor.extract.function'. Code action will be dropped. Please check 'CodeActionContext.only' to only return requested code actions.
2024-02-21 18:51:23.979 [warning] ms-vscode.cpptools - Code actions of kind 'quickfix 'requested but returned code action is of kind 'refactor.extract.function'. Code action will be dropped. Please check 'CodeActionContext.only' to only return requested code actions.
2024-02-21 18:56:48.795 [info] ExtensionService#_doActivateExtension vscodevim.vim, startup: false, activationEvent: 'onStartupFinished'
2024-02-21 18:56:49.893 [error] Error: ENOENT: no such file or directory, open '/home/nizar/.config/Code/User/globalStorage/vscodevim.vim/.registers'
2024-02-21 19:31:01.319 [warning] TextEditor is closed/disposed
2024-02-21 19:31:01.319 [warning] TextEditor is closed/disposed
2024-02-21 19:35:03.401 [warning] ms-vscode.cpptools - Code actions of kind 'quickfix 'requested but returned code action is of kind 'refactor.extract.function'. Code action will be dropped. Please check 'CodeActionContext.only' to only return requested code actions.
2024-02-21 19:38:06.054 [info] ExtensionService#_doActivateExtension vscode.extension-editing, startup: false, activationEvent: 'onLanguage:json'
2024-02-21 19:38:06.067 [info] ExtensionService#_doActivateExtension vscode.npm, startup: false, activationEvent: 'onLanguage:json'
2024-02-21 19:45:14.555 [info] ExtensionService#_doActivateExtension vscode.css-language-features, startup: false, activationEvent: 'onLanguage:css'
2024-02-21 19:58:32.719 [info] ExtensionService#_doActivateExtension ms-vscode.makefile-tools, startup: false, activationEvent: 'workspaceContains:**/makefile,**/Makefile,**/GNUmakefile'
2024-02-21 20:14:00.918 [warning] ms-vscode.cpptools - Code actions of kind 'quickfix 'requested but returned code action is of kind 'refactor.inline.macro'. Code action will be dropped. Please check 'CodeActionContext.only' to only return requested code actions.
2024-02-21 20:14:00.918 [warning] ms-vscode.cpptools - Code actions of kind 'quickfix 'requested but returned code action is of kind 'refactor.extract.function'. Code action will be dropped. Please check 'CodeActionContext.only' to only return requested code actions.
2024-02-21 20:14:26.654 [warning] ms-vscode.cpptools - Code actions of kind 'quickfix 'requested but returned code action is of kind 'refactor.inline.macro'. Code action will be dropped. Please check 'CodeActionContext.only' to only return requested code actions.
2024-02-21 20:14:26.654 [warning] ms-vscode.cpptools - Code actions of kind 'quickfix 'requested but returned code action is of kind 'refactor.extract.function'. Code action will be dropped. Please check 'CodeActionContext.only' to only return requested code actions.
2024-02-21 20:15:18.311 [warning] ms-vscode.cpptools - Code actions of kind 'quickfix 'requested but returned code action is of kind 'refactor.inline.macro'. Code action will be dropped. Please check 'CodeActionContext.only' to only return requested code actions.
2024-02-21 20:15:18.311 [warning] ms-vscode.cpptools - Code actions of kind 'quickfix 'requested but returned code action is of kind 'refactor.extract.function'. Code action will be dropped. Please check 'CodeActionContext.only' to only return requested code actions.
2024-02-21 20:15:31.626 [warning] ms-vscode.cpptools - Code actions of kind 'quickfix 'requested but returned code action is of kind 'refactor.inline.macro'. Code action will be dropped. Please check 'CodeActionContext.only' to only return requested code actions.
2024-02-21 20:15:31.626 [warning] ms-vscode.cpptools - Code actions of kind 'quickfix 'requested but returned code action is of kind 'refactor.extract.function'. Code action will be dropped. Please check 'CodeActionContext.only' to only return requested code actions.
2024-02-21 20:17:26.582 [warning] ms-vscode.cpptools - Code actions of kind 'quickfix 'requested but returned code action is of kind 'refactor.inline.macro'. Code action will be dropped. Please check 'CodeActionContext.only' to only return requested code actions.
2024-02-21 20:17:26.582 [warning] ms-vscode.cpptools - Code actions of kind 'quickfix 'requested but returned code action is of kind 'refactor.extract.function'. Code action will be dropped. Please check 'CodeActionContext.only' to only return requested code actions.
